<?xml version="1.0" encoding="UTF-8"?>
<testsuite xmlns:xsi="http://www.w3.org/2001/XMLSchema-instance" xsi:noNamespaceSchemaLocation="https://maven.apache.org/surefire/maven-surefire-plugin/xsd/surefire-test-report.xsd" name="com.example.test.TestApplicationTests" time="3.793" tests="1" errors="1" skipped="0" failures="0">
  <properties>
[...]
</properties>
  <testcase name="contextLoads" classname="com.example.test.TestApplicationTests" time="0.002">
    <error message="Failed to load ApplicationContext" type="java.lang.IllegalStateException">java.lang.IllegalStateException: Failed to load ApplicationContext
Caused by: org.springframework.beans.factory.UnsatisfiedDependencyException: Error creating bean with name 'testController': Unsatisfied dependency expressed through field 'keywordService'; nested exception is org.springframework.beans.factory.NoSuchBeanDefinitionException: No qualifying bean of type 'com.example.test.service.KeywordService' available: expected at least 1 bean which qualifies as autowire candidate. Dependency annotations: {@org.springframework.beans.factory.annotation.Autowired(required=true)}
Caused by: org.springframework.beans.factory.NoSuchBeanDefinitionException: No qualifying bean of type 'com.example.test.service.KeywordService' available: expected at least 1 bean which qualifies as autowire candidate. Dependency annotations: {@org.springframework.beans.factory.annotation.Autowired(required=true)}
</error>
    <system-out><![CDATA[01:10:32.752 [main] DEBUG org.springframework.test.context.BootstrapUtils - Instantiating CacheAwareContextLoaderDelegate from class [org.springframework.test.context.cache.DefaultCacheAwareContextLoaderDelegate]
01:10:32.761 [main] DEBUG org.springframework.test.context.BootstrapUtils - Instantiating BootstrapContext using constructor [public org.springframework.test.context.support.DefaultBootstrapContext(java.lang.Class,org.springframework.test.context.CacheAwareContextLoaderDelegate)]
01:10:32.790 [main] DEBUG org.springframework.test.context.BootstrapUtils - Instantiating TestContextBootstrapper for test class [com.example.test.TestApplicationTests] from class [org.springframework.boot.test.context.SpringBootTestContextBootstrapper]
01:10:32.800 [main] INFO org.springframework.boot.test.context.SpringBootTestContextBootstrapper - Neither @ContextConfiguration nor @ContextHierarchy found for test class [com.example.test.TestApplicationTests], using SpringBootContextLoader
01:10:32.803 [main] DEBUG org.springframework.test.context.support.AbstractContextLoader - Did not detect default resource location for test class [com.example.test.TestApplicationTests]: class path resource [com/example/test/TestApplicationTests-context.xml] does not exist
01:10:32.803 [main] DEBUG org.springframework.test.context.support.AbstractContextLoader - Did not detect default resource location for test class [com.example.test.TestApplicationTests]: class path resource [com/example/test/TestApplicationTestsContext.groovy] does not exist
01:10:32.803 [main] INFO org.springframework.test.context.support.AbstractContextLoader - Could not detect default resource locations for test class [com.example.test.TestApplicationTests]: no resource found for suffixes {-context.xml, Context.groovy}.
01:10:32.804 [main] INFO org.springframework.test.context.support.AnnotationConfigContextLoaderUtils - Could not detect default configuration classes for test class [com.example.test.TestApplicationTests]: TestApplicationTests does not declare any static, non-private, non-final, nested classes annotated with @Configuration.
01:10:32.848 [main] DEBUG org.springframework.test.context.support.ActiveProfilesUtils - Could not find an 'annotation declaring class' for annotation type [org.springframework.test.context.ActiveProfiles] and class [com.example.test.TestApplicationTests]
01:10:32.897 [main] DEBUG org.springframework.context.annotation.ClassPathScanningCandidateComponentProvider - Identified candidate component class: file [C:\Users\user\Desktop\SPRING_BOOT_SAMPLE\target\classes\com\example\test\TestApplication.class]
01:10:32.898 [main] INFO org.springframework.boot.test.context.SpringBootTestContextBootstrapper - Found @SpringBootConfiguration com.example.test.TestApplication for test class com.example.test.TestApplicationTests
01:10:32.983 [main] DEBUG org.springframework.boot.test.context.SpringBootTestContextBootstrapper - @TestExecutionListeners is not present for class [com.example.test.TestApplicationTests]: using defaults.
01:10:32.984 [main] INFO org.springframework.boot.test.context.SpringBootTestContextBootstrapper - Loaded default TestExecutionListener class names from location [META-INF/spring.factories]: [org.springframework.boot.test.mock.mockito.MockitoTestExecutionListener, org.springframework.boot.test.mock.mockito.ResetMocksTestExecutionListener, org.springframework.boot.test.autoconfigure.restdocs.RestDocsTestExecutionListener, org.springframework.boot.test.autoconfigure.web.client.MockRestServiceServerResetTestExecutionListener, org.springframework.boot.test.autoconfigure.web.servlet.MockMvcPrintOnlyOnFailureTestExecutionListener, org.springframework.boot.test.autoconfigure.web.servlet.WebDriverTestExecutionListener, org.springframework.boot.test.autoconfigure.webservices.client.MockWebServiceServerTestExecutionListener, org.springframework.test.context.web.ServletTestExecutionListener, org.springframework.test.context.support.DirtiesContextBeforeModesTestExecutionListener, org.springframework.test.context.event.ApplicationEventsTestExecutionListener, org.springframework.test.context.support.DependencyInjectionTestExecutionListener, org.springframework.test.context.support.DirtiesContextTestExecutionListener, org.springframework.test.context.transaction.TransactionalTestExecutionListener, org.springframework.test.context.jdbc.SqlScriptsTestExecutionListener, org.springframework.test.context.event.EventPublishingTestExecutionListener]
01:10:33.007 [main] INFO org.springframework.boot.test.context.SpringBootTestContextBootstrapper - Using TestExecutionListeners: [org.springframework.test.context.web.ServletTestExecutionListener@15713d56, org.springframework.test.context.support.DirtiesContextBeforeModesTestExecutionListener@63f259c3, org.springframework.test.context.event.ApplicationEventsTestExecutionListener@26ceffa8, org.springframework.boot.test.mock.mockito.MockitoTestExecutionListener@600b90df, org.springframework.boot.test.autoconfigure.SpringBootDependencyInjectionTestExecutionListener@7c8c9a05, org.springframework.test.context.support.DirtiesContextTestExecutionListener@d41f816, org.springframework.test.context.transaction.TransactionalTestExecutionListener@5c2375a9, org.springframework.test.context.jdbc.SqlScriptsTestExecutionListener@60129b9a, org.springframework.test.context.event.EventPublishingTestExecutionListener@78d6692f, org.springframework.boot.test.mock.mockito.ResetMocksTestExecutionListener@7a55af6b, org.springframework.boot.test.autoconfigure.restdocs.RestDocsTestExecutionListener@3d9c13b5, org.springframework.boot.test.autoconfigure.web.client.MockRestServiceServerResetTestExecutionListener@492691d7, org.springframework.boot.test.autoconfigure.web.servlet.MockMvcPrintOnlyOnFailureTestExecutionListener@27216cd, org.springframework.boot.test.autoconfigure.web.servlet.WebDriverTestExecutionListener@558bdf1f, org.springframework.boot.test.autoconfigure.webservices.client.MockWebServiceServerTestExecutionListener@8576fa0]
01:10:33.010 [main] DEBUG org.springframework.test.context.support.AbstractDirtiesContextTestExecutionListener - Before test class: context [DefaultTestContext@60df60da testClass = TestApplicationTests, testInstance = [null], testMethod = [null], testException = [null], mergedContextConfiguration = [WebMergedContextConfiguration@5a2d131d testClass = TestApplicationTests, locations = '{}', classes = '{class com.example.test.TestApplication}', contextInitializerClasses = '[]', activeProfiles = '{}', propertySourceLocations = '{}', propertySourceProperties = '{org.springframework.boot.test.context.SpringBootTestContextBootstrapper=true}', contextCustomizers = set[org.springframework.boot.test.context.filter.ExcludeFilterContextCustomizer@483f6d77, org.springframework.boot.test.json.DuplicateJsonObjectContextCustomizerFactory$DuplicateJsonObjectContextCustomizer@28f3b248, org.springframework.boot.test.mock.mockito.MockitoContextCustomizer@0, org.springframework.boot.test.web.client.TestRestTemplateContextCustomizer@32ee6fee, org.springframework.boot.test.web.reactive.server.WebTestClientContextCustomizer@f736069, org.springframework.boot.test.autoconfigure.actuate.metrics.MetricsExportContextCustomizerFactory$DisableMetricExportContextCustomizer@2fb3536e, org.springframework.boot.test.autoconfigure.properties.PropertyMappingContextCustomizer@0, org.springframework.boot.test.autoconfigure.web.servlet.WebDriverContextCustomizerFactory$Customizer@74751b3, org.springframework.boot.test.context.SpringBootTestArgs@1, org.springframework.boot.test.context.SpringBootTestWebEnvironment@46daef40], resourceBasePath = 'src/main/webapp', contextLoader = 'org.springframework.boot.test.context.SpringBootContextLoader', parent = [null]], attributes = map['org.springframework.test.context.web.ServletTestExecutionListener.activateListener' -> true]], class annotated with @DirtiesContext [false] with mode [null].
01:10:33.046 [main] DEBUG org.springframework.test.context.support.TestPropertySourceUtils - Adding inlined properties to environment: {spring.jmx.enabled=false, org.springframework.boot.test.context.SpringBootTestContextBootstrapper=true}

  .   ____          _            __ _ _
 /\\ / ___'_ __ _ _(_)_ __  __ _ \ \ \ \
( ( )\___ | '_ | '_| | '_ \/ _` | \ \ \ \
 \\/  ___)| |_)| | | | | || (_| |  ) ) ) )
  '  |____| .__|_| |_|_| |_\__, | / / / /
 =========|_|==============|___/=/_/_/_/
 :: Spring Boot ::                (v2.5.6)

[INFO ] 21-11-11 01:10:33 [main] [TestApplicationTests:55] - Starting TestApplicationTests using Java 17 on DESKTOP-HIB90M0 with PID 13376 (started by user in C:\Users\user\Desktop\SPRING_BOOT_SAMPLE)
[INFO ] 21-11-11 01:10:33 [main] [TestApplicationTests:659] - No active profile set, falling back to default profiles: default
[DEBUG] 21-11-11 01:10:33 [main] [SpringApplication:687] - Loading source class com.example.test.TestApplication
[DEBUG] 21-11-11 01:10:33 [background-preinit] [logging:152] - Logging Provider: org.jboss.logging.Log4j2LoggerProvider
[INFO ] 21-11-11 01:10:33 [background-preinit] [Version:21] - HV000001: Hibernate Validator 6.2.0.Final
[DEBUG] 21-11-11 01:10:33 [background-preinit] [ValidationXmlParser:120] - Trying to load META-INF/validation.xml for XML based Validator configuration.
[DEBUG] 21-11-11 01:10:33 [background-preinit] [ResourceLoaderHelper:60] - Trying to load META-INF/validation.xml via TCCL
[DEBUG] 21-11-11 01:10:33 [background-preinit] [ResourceLoaderHelper:66] - Trying to load META-INF/validation.xml via Hibernate Validator's class loader
[DEBUG] 21-11-11 01:10:33 [background-preinit] [ValidationXmlParser:127] - No META-INF/validation.xml found. Using annotation based configuration only.
[DEBUG] 21-11-11 01:10:33 [background-preinit] [TraversableResolvers:93] - Found javax.persistence.Persistence on classpath containing 'getPersistenceUtil'. Assuming JPA 2 environment. Trying to instantiate JPA aware TraversableResolver
[DEBUG] 21-11-11 01:10:33 [background-preinit] [TraversableResolvers:103] - Instantiated JPA aware TraversableResolver of type org.hibernate.validator.internal.engine.resolver.JPATraversableResolver.
[DEBUG] 21-11-11 01:10:33 [main] [GenericWebApplicationContext:629] - Refreshing org.springframework.web.context.support.GenericWebApplicationContext@617fe9e1
[DEBUG] 21-11-11 01:10:33 [main] [DefaultListableBeanFactory:225] - Creating shared instance of singleton bean 'org.springframework.context.annotation.internalConfigurationAnnotationProcessor'
[DEBUG] 21-11-11 01:10:33 [background-preinit] [ResourceBundleMessageInterpolator:172] - Loaded expression factory via original TCCL
[DEBUG] 21-11-11 01:10:33 [main] [DefaultListableBeanFactory:225] - Creating shared instance of singleton bean 'org.springframework.boot.autoconfigure.internalCachingMetadataReaderFactory'
[DEBUG] 21-11-11 01:10:33 [main] [ClassPathBeanDefinitionScanner:435] - Identified candidate component class: file [C:\Users\user\Desktop\SPRING_BOOT_SAMPLE\target\classes\com\example\test\config\BeanConfiguration.class]
[DEBUG] 21-11-11 01:10:33 [main] [ClassPathBeanDefinitionScanner:435] - Identified candidate component class: file [C:\Users\user\Desktop\SPRING_BOOT_SAMPLE\target\classes\com\example\test\config\H2Runner.class]
[DEBUG] 21-11-11 01:10:33 [main] [ClassPathBeanDefinitionScanner:435] - Identified candidate component class: file [C:\Users\user\Desktop\SPRING_BOOT_SAMPLE\target\classes\com\example\test\controller\TestController.class]
[DEBUG] 21-11-11 01:10:33 [main] [ClassPathBeanDefinitionScanner:441] - Ignored because not a concrete top-level class: file [C:\Users\user\Desktop\SPRING_BOOT_SAMPLE\target\classes\com\example\test\repository\KeywordRepository.class]
[DEBUG] 21-11-11 01:10:33 [background-preinit] [ValidatorFactoryConfigurationHelper:345] - HV000252: Using org.hibernate.validator.internal.engine.DefaultPropertyNodeNameProvider as property node name provider.
[DEBUG] 21-11-11 01:10:33 [background-preinit] [ValidatorFactoryConfigurationHelper:420] - HV000234: Using org.hibernate.validator.messageinterpolation.ResourceBundleMessageInterpolator as ValidatorFactory-scoped message interpolator.
[DEBUG] 21-11-11 01:10:33 [background-preinit] [ValidatorFactoryConfigurationHelper:421] - HV000234: Using org.hibernate.validator.internal.engine.resolver.JPATraversableResolver as ValidatorFactory-scoped traversable resolver.
[DEBUG] 21-11-11 01:10:33 [background-preinit] [ValidatorFactoryConfigurationHelper:422] - HV000234: Using org.hibernate.validator.internal.util.ExecutableParameterNameProvider as ValidatorFactory-scoped parameter name provider.
[DEBUG] 21-11-11 01:10:33 [background-preinit] [ValidatorFactoryConfigurationHelper:423] - HV000234: Using org.hibernate.validator.internal.engine.DefaultClockProvider as ValidatorFactory-scoped clock provider.
[DEBUG] 21-11-11 01:10:33 [background-preinit] [ValidatorFactoryConfigurationHelper:424] - HV000234: Using org.hibernate.validator.internal.engine.scripting.DefaultScriptEvaluatorFactory as ValidatorFactory-scoped script evaluator factory.
[DEBUG] 21-11-11 01:10:33 [main] [PropertySourcesPropertyResolver:115] - Found key 'spring.jmx.enabled' in PropertySource 'configurationProperties' with value of type String
[DEBUG] 21-11-11 01:10:33 [main] [PropertySourcesPropertyResolver:115] - Found key 'spring.jmx.enabled' in PropertySource 'configurationProperties' with value of type String
[DEBUG] 21-11-11 01:10:33 [main] [PropertySourcesPropertyResolver:115] - Found key 'spring.datasource.url' in PropertySource 'configurationProperties' with value of type String
[DEBUG] 21-11-11 01:10:33 [main] [PropertySourcesPropertyResolver:115] - Found key 'spring.h2.console.enabled' in PropertySource 'configurationProperties' with value of type String
[INFO ] 21-11-11 01:10:34 [main] [RepositoryConfigurationDelegate:132] - Bootstrapping Spring Data JPA repositories in DEFAULT mode.
[DEBUG] 21-11-11 01:10:34 [main] [DefaultListableBeanFactory:225] - Creating shared instance of singleton bean 'org.springframework.boot.autoconfigure.AutoConfigurationPackages'
[DEBUG] 21-11-11 01:10:34 [main] [AutoConfigurationPackages:196] - @EnableAutoConfiguration was declared on a class in the package 'com.example.test'. Automatic @Repository and @Entity scanning is enabled.
[DEBUG] 21-11-11 01:10:34 [main] [RepositoryConfigurationDelegate:145] - Scanning for JPA repositories in packages com.example.test.
[DEBUG] 21-11-11 01:10:34 [main] [RepositoryComponentProvider:435] - Identified candidate component class: file [C:\Users\user\Desktop\SPRING_BOOT_SAMPLE\target\classes\com\example\test\repository\KeywordRepository.class]
[DEBUG] 21-11-11 01:10:34 [main] [ClassPathScanningCandidateComponentProvider:435] - Identified candidate component class: file [C:\Users\user\Desktop\SPRING_BOOT_SAMPLE\target\classes\com\example\test\service\impl\KeywordServiceImpl.class]
[INFO ] 21-11-11 01:10:34 [main] [RepositoryConfigurationDelegate:201] - Finished Spring Data repository scanning in 162 ms. Found 1 JPA repository interfaces.
[DEBUG] 21-11-11 01:10:34 [main] [PropertySourcesPropertyResolver:115] - Found key 'spring.h2.console.enabled' in PropertySource 'configurationProperties' with value of type String
[DEBUG] 21-11-11 01:10:34 [main] [DefaultListableBeanFactory:225] - Creating shared instance of singleton bean 'propertySourcesPlaceholderConfigurer'
[DEBUG] 21-11-11 01:10:34 [main] [DefaultListableBeanFactory:225] - Creating shared instance of singleton bean 'org.springframework.boot.test.mock.mockito.MockitoPostProcessor'
[DEBUG] 21-11-11 01:10:34 [main] [DefaultListableBeanFactory:225] - Creating shared instance of singleton bean 'emBeanDefinitionRegistrarPostProcessor'
[DEBUG] 21-11-11 01:10:34 [main] [DefaultListableBeanFactory:225] - Creating shared instance of singleton bean 'org.springframework.boot.sql.init.dependency.DatabaseInitializationDependencyConfigurer$DependsOnDatabaseInitializationPostProcessor'
[DEBUG] 21-11-11 01:10:34 [main] [DefaultListableBeanFactory:225] - Creating shared instance of singleton bean 'org.springframework.context.event.internalEventListenerProcessor'
[DEBUG] 21-11-11 01:10:34 [main] [DefaultListableBeanFactory:225] - Creating shared instance of singleton bean 'preserveErrorControllerTargetClassPostProcessor'
[DEBUG] 21-11-11 01:10:34 [main] [DefaultListableBeanFactory:225] - Creating shared instance of singleton bean 'org.springframework.context.event.internalEventListenerFactory'
[DEBUG] 21-11-11 01:10:34 [main] [DefaultListableBeanFactory:225] - Creating shared instance of singleton bean 'org.springframework.transaction.config.internalTransactionalEventListenerFactory'
[DEBUG] 21-11-11 01:10:34 [main] [DefaultListableBeanFactory:225] - Creating shared instance of singleton bean 'org.springframework.boot.test.mock.mockito.MockitoPostProcessor$SpyPostProcessor'
[DEBUG] 21-11-11 01:10:34 [main] [DefaultListableBeanFactory:225] - Creating shared instance of singleton bean 'org.springframework.context.annotation.internalAutowiredAnnotationProcessor'
[DEBUG] 21-11-11 01:10:34 [main] [DefaultListableBeanFactory:225] - Creating shared instance of singleton bean 'org.springframework.context.annotation.internalCommonAnnotationProcessor'
[DEBUG] 21-11-11 01:10:34 [main] [DefaultListableBeanFactory:225] - Creating shared instance of singleton bean 'org.springframework.context.annotation.internalPersistenceAnnotationProcessor'
[DEBUG] 21-11-11 01:10:34 [main] [DefaultListableBeanFactory:225] - Creating shared instance of singleton bean 'org.springframework.boot.context.properties.ConfigurationPropertiesBindingPostProcessor'
[DEBUG] 21-11-11 01:10:34 [main] [DefaultListableBeanFactory:225] - Creating shared instance of singleton bean 'org.springframework.boot.context.internalConfigurationPropertiesBinder'
[DEBUG] 21-11-11 01:10:34 [main] [DefaultListableBeanFactory:225] - Creating shared instance of singleton bean 'org.springframework.boot.context.internalConfigurationPropertiesBinderFactory'
[DEBUG] 21-11-11 01:10:34 [main] [DefaultListableBeanFactory:225] - Creating shared instance of singleton bean 'methodValidationPostProcessor'
[DEBUG] 21-11-11 01:10:34 [main] [DefaultListableBeanFactory:808] - Autowiring by type from bean name 'methodValidationPostProcessor' via factory method to bean named 'environment'
[DEBUG] 21-11-11 01:10:34 [main] [DefaultListableBeanFactory:225] - Creating shared instance of singleton bean 'org.springframework.boot.context.properties.EnableConfigurationPropertiesRegistrar.methodValidationExcludeFilter'
[DEBUG] 21-11-11 01:10:34 [main] [DefaultListableBeanFactory:225] - Creating shared instance of singleton bean 'org.springframework.aop.config.internalAutoProxyCreator'
[DEBUG] 21-11-11 01:10:34 [main] [DefaultListableBeanFactory:225] - Creating shared instance of singleton bean 'persistenceExceptionTranslationPostProcessor'
[DEBUG] 21-11-11 01:10:34 [main] [DefaultListableBeanFactory:808] - Autowiring by type from bean name 'persistenceExceptionTranslationPostProcessor' via factory method to bean named 'environment'
[DEBUG] 21-11-11 01:10:34 [main] [DefaultListableBeanFactory:225] - Creating shared instance of singleton bean 'webServerFactoryCustomizerBeanPostProcessor'
[DEBUG] 21-11-11 01:10:34 [main] [DefaultListableBeanFactory:225] - Creating shared instance of singleton bean 'errorPageRegistrarBeanPostProcessor'
[DEBUG] 21-11-11 01:10:34 [main] [DefaultListableBeanFactory:225] - Creating shared instance of singleton bean 'projectingArgumentResolverBeanPostProcessor'
[DEBUG] 21-11-11 01:10:34 [main] [DefaultListableBeanFactory:225] - Creating shared instance of singleton bean 'org.springframework.transaction.config.internalTransactionAdvisor'
[DEBUG] 21-11-11 01:10:34 [main] [DefaultListableBeanFactory:225] - Creating shared instance of singleton bean 'org.springframework.transaction.annotation.ProxyTransactionManagementConfiguration'
[DEBUG] 21-11-11 01:10:34 [main] [DefaultListableBeanFactory:225] - Creating shared instance of singleton bean 'transactionAttributeSource'
[DEBUG] 21-11-11 01:10:34 [main] [DefaultListableBeanFactory:225] - Creating shared instance of singleton bean 'transactionInterceptor'
[DEBUG] 21-11-11 01:10:34 [main] [DefaultListableBeanFactory:808] - Autowiring by type from bean name 'transactionInterceptor' via factory method to bean named 'transactionAttributeSource'
[DEBUG] 21-11-11 01:10:34 [main] [DefaultListableBeanFactory:808] - Autowiring by type from bean name 'org.springframework.transaction.config.internalTransactionAdvisor' via factory method to bean named 'transactionAttributeSource'
[DEBUG] 21-11-11 01:10:34 [main] [DefaultListableBeanFactory:808] - Autowiring by type from bean name 'org.springframework.transaction.config.internalTransactionAdvisor' via factory method to bean named 'transactionInterceptor'
[DEBUG] 21-11-11 01:10:34 [main] [UiApplicationContextUtils:85] - Unable to locate ThemeSource with name 'themeSource': using default [org.springframework.ui.context.support.ResourceBundleThemeSource@75e09567]
[DEBUG] 21-11-11 01:10:34 [main] [DefaultListableBeanFactory:225] - Creating shared instance of singleton bean 'dataSourceScriptDatabaseInitializer'
[DEBUG] 21-11-11 01:10:34 [main] [DefaultListableBeanFactory:225] - Creating shared instance of singleton bean 'org.springframework.boot.autoconfigure.sql.init.DataSourceInitializationConfiguration'
[DEBUG] 21-11-11 01:10:34 [main] [DefaultListableBeanFactory:225] - Creating shared instance of singleton bean 'dataSource'
[DEBUG] 21-11-11 01:10:34 [main] [DefaultListableBeanFactory:225] - Creating shared instance of singleton bean 'org.springframework.boot.autoconfigure.jdbc.DataSourceConfiguration$Hikari'
[DEBUG] 21-11-11 01:10:34 [main] [DefaultListableBeanFactory:225] - Creating shared instance of singleton bean 'spring.datasource-org.springframework.boot.autoconfigure.jdbc.DataSourceProperties'
[DEBUG] 21-11-11 01:10:34 [main] [DefaultListableBeanFactory:225] - Creating shared instance of singleton bean 'org.springframework.boot.context.properties.BoundConfigurationProperties'
[DEBUG] 21-11-11 01:10:34 [main] [DefaultListableBeanFactory:808] - Autowiring by type from bean name 'dataSource' via factory method to bean named 'spring.datasource-org.springframework.boot.autoconfigure.jdbc.DataSourceProperties'
[DEBUG] 21-11-11 01:10:34 [main] [HikariConfig:971] - Driver class org.h2.Driver found in Thread context class loader jdk.internal.loader.ClassLoaders$AppClassLoader@70dea4e
[DEBUG] 21-11-11 01:10:34 [main] [DefaultListableBeanFactory:225] - Creating shared instance of singleton bean 'spring.sql.init-org.springframework.boot.autoconfigure.sql.init.SqlInitializationProperties'
[DEBUG] 21-11-11 01:10:34 [main] [DefaultListableBeanFactory:808] - Autowiring by type from bean name 'dataSourceScriptDatabaseInitializer' via factory method to bean named 'dataSource'
[DEBUG] 21-11-11 01:10:34 [main] [DefaultListableBeanFactory:808] - Autowiring by type from bean name 'dataSourceScriptDatabaseInitializer' via factory method to bean named 'spring.sql.init-org.springframework.boot.autoconfigure.sql.init.SqlInitializationProperties'
[DEBUG] 21-11-11 01:10:34 [main] [DefaultListableBeanFactory:225] - Creating shared instance of singleton bean 'entityManagerFactory'
[DEBUG] 21-11-11 01:10:34 [main] [DefaultListableBeanFactory:225] - Creating shared instance of singleton bean 'org.springframework.boot.autoconfigure.orm.jpa.HibernateJpaConfiguration'
[DEBUG] 21-11-11 01:10:34 [main] [DefaultListableBeanFactory:225] - Creating shared instance of singleton bean 'spring.jpa-org.springframework.boot.autoconfigure.orm.jpa.JpaProperties'
[DEBUG] 21-11-11 01:10:34 [main] [DefaultListableBeanFactory:225] - Creating shared instance of singleton bean 'spring.jpa.hibernate-org.springframework.boot.autoconfigure.orm.jpa.HibernateProperties'
[DEBUG] 21-11-11 01:10:34 [main] [DefaultListableBeanFactory:808] - Autowiring by type from bean name 'org.springframework.boot.autoconfigure.orm.jpa.HibernateJpaConfiguration' via constructor to bean named 'dataSource'
[DEBUG] 21-11-11 01:10:34 [main] [DefaultListableBeanFactory:808] - Autowiring by type from bean name 'org.springframework.boot.autoconfigure.orm.jpa.HibernateJpaConfiguration' via constructor to bean named 'spring.jpa-org.springframework.boot.autoconfigure.orm.jpa.JpaProperties'
[DEBUG] 21-11-11 01:10:34 [main] [DefaultListableBeanFactory:808] - Autowiring by type from bean name 'org.springframework.boot.autoconfigure.orm.jpa.HibernateJpaConfiguration' via constructor to bean named 'org.springframework.beans.factory.support.DefaultListableBeanFactory@74518890'
[DEBUG] 21-11-11 01:10:34 [main] [DefaultListableBeanFactory:808] - Autowiring by type from bean name 'org.springframework.boot.autoconfigure.orm.jpa.HibernateJpaConfiguration' via constructor to bean named 'spring.jpa.hibernate-org.springframework.boot.autoconfigure.orm.jpa.HibernateProperties'
[DEBUG] 21-11-11 01:10:34 [main] [DefaultListableBeanFactory:225] - Creating shared instance of singleton bean 'hikariPoolDataSourceMetadataProvider'
[DEBUG] 21-11-11 01:10:34 [main] [DefaultListableBeanFactory:225] - Creating shared instance of singleton bean 'org.springframework.boot.autoconfigure.jdbc.metadata.DataSourcePoolMetadataProvidersConfiguration$HikariPoolDataSourceMetadataProviderConfiguration'
[DEBUG] 21-11-11 01:10:34 [main] [DefaultListableBeanFactory:225] - Creating shared instance of singleton bean 'entityManagerFactoryBuilder'
[DEBUG] 21-11-11 01:10:34 [main] [DefaultListableBeanFactory:225] - Creating shared instance of singleton bean 'jpaVendorAdapter'
[DEBUG] 21-11-11 01:10:34 [main] [DefaultListableBeanFactory:808] - Autowiring by type from bean name 'entityManagerFactoryBuilder' via factory method to bean named 'jpaVendorAdapter'
[DEBUG] 21-11-11 01:10:34 [main] [DefaultListableBeanFactory:808] - Autowiring by type from bean name 'entityManagerFactory' via factory method to bean named 'entityManagerFactoryBuilder'
[DEBUG] 21-11-11 01:10:34 [main] [LocalContainerEntityManagerFactoryBean:361] - Building JPA container EntityManagerFactory for persistence unit 'default'
[DEBUG] 21-11-11 01:10:34 [main] [LogHelper:102] - PersistenceUnitInfo [
	name: default
	persistence provider classname: null
	classloader: jdk.internal.loader.ClassLoaders$AppClassLoader@70dea4e
	excludeUnlistedClasses: true
	JTA datasource: null
	Non JTA datasource: HikariDataSource (null)
	Transaction type: RESOURCE_LOCAL
	PU root URL: file:/C:/Users/user/Desktop/SPRING_BOOT_SAMPLE/target/test-classes/
	Shared Cache Mode: UNSPECIFIED
	Validation Mode: AUTO
	Jar files URLs []
	Managed classes names [
		com.example.test.entity.KeywordEntity]
	Mapping files names []
	Properties []
[DEBUG] 21-11-11 01:10:34 [main] [IntegratorServiceImpl:46] - Adding Integrator [org.hibernate.cfg.beanvalidation.BeanValidationIntegrator].
[DEBUG] 21-11-11 01:10:34 [main] [IntegratorServiceImpl:46] - Adding Integrator [org.hibernate.secure.spi.JaccIntegrator].
[DEBUG] 21-11-11 01:10:34 [main] [IntegratorServiceImpl:46] - Adding Integrator [org.hibernate.cache.internal.CollectionCacheInvalidator].
[INFO ] 21-11-11 01:10:34 [main] [Version:44] - HHH000412: Hibernate ORM core version 5.4.32.Final
[DEBUG] 21-11-11 01:10:34 [main] [Environment:199] - HHH000206: hibernate.properties not found
[DEBUG] 21-11-11 01:10:34 [main] [ServiceBinding:68] - Overriding existing service binding [org.hibernate.secure.spi.JaccService]
[DEBUG] 21-11-11 01:10:34 [main] [RegionFactoryInitiator:118] - Cannot default RegionFactory based on registered strategies as `[]` RegionFactory strategies were registered
[DEBUG] 21-11-11 01:10:34 [main] [RegionFactoryInitiator:49] - Cache region factory : org.hibernate.cache.internal.NoCachingRegionFactory
[INFO ] 21-11-11 01:10:34 [main] [Version:56] - HCANN000001: Hibernate Commons Annotations {5.1.2.Final}
[DEBUG] 21-11-11 01:10:35 [main] [BasicTypeRegistry:157] - Adding type registration boolean -> org.hibernate.type.BooleanType@6d963d70
[DEBUG] 21-11-11 01:10:35 [main] [BasicTypeRegistry:157] - Adding type registration boolean -> org.hibernate.type.BooleanType@6d963d70
[DEBUG] 21-11-11 01:10:35 [main] [BasicTypeRegistry:157] - Adding type registration java.lang.Boolean -> org.hibernate.type.BooleanType@6d963d70
[DEBUG] 21-11-11 01:10:35 [main] [BasicTypeRegistry:157] - Adding type registration numeric_boolean -> org.hibernate.type.NumericBooleanType@6f7a2a5
[DEBUG] 21-11-11 01:10:35 [main] [BasicTypeRegistry:157] - Adding type registration true_false -> org.hibernate.type.TrueFalseType@5e180aaf
[DEBUG] 21-11-11 01:10:35 [main] [BasicTypeRegistry:157] - Adding type registration yes_no -> org.hibernate.type.YesNoType@34d480b9
[DEBUG] 21-11-11 01:10:35 [main] [BasicTypeRegistry:157] - Adding type registration byte -> org.hibernate.type.ByteType@5e0c4f21
[DEBUG] 21-11-11 01:10:35 [main] [BasicTypeRegistry:157] - Adding type registration byte -> org.hibernate.type.ByteType@5e0c4f21
[DEBUG] 21-11-11 01:10:35 [main] [BasicTypeRegistry:157] - Adding type registration java.lang.Byte -> org.hibernate.type.ByteType@5e0c4f21
[DEBUG] 21-11-11 01:10:35 [main] [BasicTypeRegistry:157] - Adding type registration character -> org.hibernate.type.CharacterType@b0f2d91
[DEBUG] 21-11-11 01:10:35 [main] [BasicTypeRegistry:157] - Adding type registration char -> org.hibernate.type.CharacterType@b0f2d91
[DEBUG] 21-11-11 01:10:35 [main] [BasicTypeRegistry:157] - Adding type registration java.lang.Character -> org.hibernate.type.CharacterType@b0f2d91
[DEBUG] 21-11-11 01:10:35 [main] [BasicTypeRegistry:157] - Adding type registration short -> org.hibernate.type.ShortType@2443135
[DEBUG] 21-11-11 01:10:35 [main] [BasicTypeRegistry:157] - Adding type registration short -> org.hibernate.type.ShortType@2443135
[DEBUG] 21-11-11 01:10:35 [main] [BasicTypeRegistry:157] - Adding type registration java.lang.Short -> org.hibernate.type.ShortType@2443135
[DEBUG] 21-11-11 01:10:35 [main] [BasicTypeRegistry:157] - Adding type registration integer -> org.hibernate.type.IntegerType@1e98b788
[DEBUG] 21-11-11 01:10:35 [main] [BasicTypeRegistry:157] - Adding type registration int -> org.hibernate.type.IntegerType@1e98b788
[DEBUG] 21-11-11 01:10:35 [main] [BasicTypeRegistry:157] - Adding type registration java.lang.Integer -> org.hibernate.type.IntegerType@1e98b788
[DEBUG] 21-11-11 01:10:35 [main] [BasicTypeRegistry:157] - Adding type registration long -> org.hibernate.type.LongType@6097fca9
[DEBUG] 21-11-11 01:10:35 [main] [BasicTypeRegistry:157] - Adding type registration long -> org.hibernate.type.LongType@6097fca9
[DEBUG] 21-11-11 01:10:35 [main] [BasicTypeRegistry:157] - Adding type registration java.lang.Long -> org.hibernate.type.LongType@6097fca9
[DEBUG] 21-11-11 01:10:35 [main] [BasicTypeRegistry:157] - Adding type registration float -> org.hibernate.type.FloatType@b5b9333
[DEBUG] 21-11-11 01:10:35 [main] [BasicTypeRegistry:157] - Adding type registration float -> org.hibernate.type.FloatType@b5b9333
[DEBUG] 21-11-11 01:10:35 [main] [BasicTypeRegistry:157] - Adding type registration java.lang.Float -> org.hibernate.type.FloatType@b5b9333
[DEBUG] 21-11-11 01:10:35 [main] [BasicTypeRegistry:157] - Adding type registration double -> org.hibernate.type.DoubleType@5aa62ee7
[DEBUG] 21-11-11 01:10:35 [main] [BasicTypeRegistry:157] - Adding type registration double -> org.hibernate.type.DoubleType@5aa62ee7
[DEBUG] 21-11-11 01:10:35 [main] [BasicTypeRegistry:157] - Adding type registration java.lang.Double -> org.hibernate.type.DoubleType@5aa62ee7
[DEBUG] 21-11-11 01:10:35 [main] [BasicTypeRegistry:157] - Adding type registration big_decimal -> org.hibernate.type.BigDecimalType@27b337bb
[DEBUG] 21-11-11 01:10:35 [main] [BasicTypeRegistry:157] - Adding type registration java.math.BigDecimal -> org.hibernate.type.BigDecimalType@27b337bb
[DEBUG] 21-11-11 01:10:35 [main] [BasicTypeRegistry:157] - Adding type registration big_integer -> org.hibernate.type.BigIntegerType@3b97907c
[DEBUG] 21-11-11 01:10:35 [main] [BasicTypeRegistry:157] - Adding type registration java.math.BigInteger -> org.hibernate.type.BigIntegerType@3b97907c
[DEBUG] 21-11-11 01:10:35 [main] [BasicTypeRegistry:157] - Adding type registration string -> org.hibernate.type.StringType@61f377d1
[DEBUG] 21-11-11 01:10:35 [main] [BasicTypeRegistry:157] - Adding type registration java.lang.String -> org.hibernate.type.StringType@61f377d1
[DEBUG] 21-11-11 01:10:35 [main] [BasicTypeRegistry:157] - Adding type registration nstring -> org.hibernate.type.StringNVarcharType@324b6a56
[DEBUG] 21-11-11 01:10:35 [main] [BasicTypeRegistry:157] - Adding type registration ncharacter -> org.hibernate.type.CharacterNCharType@24dd44f9
[DEBUG] 21-11-11 01:10:35 [main] [BasicTypeRegistry:157] - Adding type registration url -> org.hibernate.type.UrlType@36359723
[DEBUG] 21-11-11 01:10:35 [main] [BasicTypeRegistry:157] - Adding type registration java.net.URL -> org.hibernate.type.UrlType@36359723
[DEBUG] 21-11-11 01:10:35 [main] [BasicTypeRegistry:157] - Adding type registration Duration -> org.hibernate.type.DurationType@6fa02932
[DEBUG] 21-11-11 01:10:35 [main] [BasicTypeRegistry:157] - Adding type registration java.time.Duration -> org.hibernate.type.DurationType@6fa02932
[DEBUG] 21-11-11 01:10:35 [main] [BasicTypeRegistry:157] - Adding type registration Instant -> org.hibernate.type.InstantType@7cff3f1d
[DEBUG] 21-11-11 01:10:35 [main] [BasicTypeRegistry:157] - Adding type registration java.time.Instant -> org.hibernate.type.InstantType@7cff3f1d
[DEBUG] 21-11-11 01:10:35 [main] [BasicTypeRegistry:157] - Adding type registration LocalDateTime -> org.hibernate.type.LocalDateTimeType@72ce812e
[DEBUG] 21-11-11 01:10:35 [main] [BasicTypeRegistry:157] - Adding type registration java.time.LocalDateTime -> org.hibernate.type.LocalDateTimeType@72ce812e
[DEBUG] 21-11-11 01:10:35 [main] [BasicTypeRegistry:157] - Adding type registration LocalDate -> org.hibernate.type.LocalDateType@7302ff13
[DEBUG] 21-11-11 01:10:35 [main] [BasicTypeRegistry:157] - Adding type registration java.time.LocalDate -> org.hibernate.type.LocalDateType@7302ff13
[DEBUG] 21-11-11 01:10:35 [main] [BasicTypeRegistry:157] - Adding type registration LocalTime -> org.hibernate.type.LocalTimeType@6b63abdc
[DEBUG] 21-11-11 01:10:35 [main] [BasicTypeRegistry:157] - Adding type registration java.time.LocalTime -> org.hibernate.type.LocalTimeType@6b63abdc
[DEBUG] 21-11-11 01:10:35 [main] [BasicTypeRegistry:157] - Adding type registration OffsetDateTime -> org.hibernate.type.OffsetDateTimeType@9df564f
[DEBUG] 21-11-11 01:10:35 [main] [BasicTypeRegistry:157] - Adding type registration java.time.OffsetDateTime -> org.hibernate.type.OffsetDateTimeType@9df564f
[DEBUG] 21-11-11 01:10:35 [main] [BasicTypeRegistry:157] - Adding type registration OffsetTime -> org.hibernate.type.OffsetTimeType@4665428b
[DEBUG] 21-11-11 01:10:35 [main] [BasicTypeRegistry:157] - Adding type registration java.time.OffsetTime -> org.hibernate.type.OffsetTimeType@4665428b
[DEBUG] 21-11-11 01:10:35 [main] [BasicTypeRegistry:157] - Adding type registration ZonedDateTime -> org.hibernate.type.ZonedDateTimeType@55e1192
[DEBUG] 21-11-11 01:10:35 [main] [BasicTypeRegistry:157] - Adding type registration java.time.ZonedDateTime -> org.hibernate.type.ZonedDateTimeType@55e1192
[DEBUG] 21-11-11 01:10:35 [main] [BasicTypeRegistry:157] - Adding type registration date -> org.hibernate.type.DateType@415795f3
[DEBUG] 21-11-11 01:10:35 [main] [BasicTypeRegistry:157] - Adding type registration java.sql.Date -> org.hibernate.type.DateType@415795f3
[DEBUG] 21-11-11 01:10:35 [main] [BasicTypeRegistry:157] - Adding type registration time -> org.hibernate.type.TimeType@c2cf597
[DEBUG] 21-11-11 01:10:35 [main] [BasicTypeRegistry:157] - Adding type registration java.sql.Time -> org.hibernate.type.TimeType@c2cf597
[DEBUG] 21-11-11 01:10:35 [main] [BasicTypeRegistry:157] - Adding type registration timestamp -> org.hibernate.type.TimestampType@613f7eb7
[DEBUG] 21-11-11 01:10:35 [main] [BasicTypeRegistry:157] - Adding type registration java.sql.Timestamp -> org.hibernate.type.TimestampType@613f7eb7
[DEBUG] 21-11-11 01:10:35 [main] [BasicTypeRegistry:157] - Adding type registration java.util.Date -> org.hibernate.type.TimestampType@613f7eb7
[DEBUG] 21-11-11 01:10:35 [main] [BasicTypeRegistry:157] - Adding type registration dbtimestamp -> org.hibernate.type.DbTimestampType@1f78d415
[DEBUG] 21-11-11 01:10:35 [main] [BasicTypeRegistry:157] - Adding type registration calendar -> org.hibernate.type.CalendarType@412ebe64
[DEBUG] 21-11-11 01:10:35 [main] [BasicTypeRegistry:157] - Adding type registration java.util.Calendar -> org.hibernate.type.CalendarType@412ebe64
[DEBUG] 21-11-11 01:10:35 [main] [BasicTypeRegistry:157] - Adding type registration java.util.GregorianCalendar -> org.hibernate.type.CalendarType@412ebe64
[DEBUG] 21-11-11 01:10:35 [main] [BasicTypeRegistry:157] - Adding type registration calendar_date -> org.hibernate.type.CalendarDateType@7a83ccd2
[DEBUG] 21-11-11 01:10:35 [main] [BasicTypeRegistry:157] - Adding type registration calendar_time -> org.hibernate.type.CalendarTimeType@256a0d95
[DEBUG] 21-11-11 01:10:35 [main] [BasicTypeRegistry:157] - Adding type registration locale -> org.hibernate.type.LocaleType@43d65a81
[DEBUG] 21-11-11 01:10:35 [main] [BasicTypeRegistry:157] - Adding type registration java.util.Locale -> org.hibernate.type.LocaleType@43d65a81
[DEBUG] 21-11-11 01:10:35 [main] [BasicTypeRegistry:157] - Adding type registration currency -> org.hibernate.type.CurrencyType@51cab489
[DEBUG] 21-11-11 01:10:35 [main] [BasicTypeRegistry:157] - Adding type registration java.util.Currency -> org.hibernate.type.CurrencyType@51cab489
[DEBUG] 21-11-11 01:10:35 [main] [BasicTypeRegistry:157] - Adding type registration timezone -> org.hibernate.type.TimeZoneType@626e0c86
[DEBUG] 21-11-11 01:10:35 [main] [BasicTypeRegistry:157] - Adding type registration java.util.TimeZone -> org.hibernate.type.TimeZoneType@626e0c86
[DEBUG] 21-11-11 01:10:35 [main] [BasicTypeRegistry:157] - Adding type registration class -> org.hibernate.type.ClassType@4aebee4b
[DEBUG] 21-11-11 01:10:35 [main] [BasicTypeRegistry:157] - Adding type registration java.lang.Class -> org.hibernate.type.ClassType@4aebee4b
[DEBUG] 21-11-11 01:10:35 [main] [BasicTypeRegistry:157] - Adding type registration uuid-binary -> org.hibernate.type.UUIDBinaryType@1f536481
[DEBUG] 21-11-11 01:10:35 [main] [BasicTypeRegistry:157] - Adding type registration java.util.UUID -> org.hibernate.type.UUIDBinaryType@1f536481
[DEBUG] 21-11-11 01:10:35 [main] [BasicTypeRegistry:157] - Adding type registration uuid-char -> org.hibernate.type.UUIDCharType@50b734c4
[DEBUG] 21-11-11 01:10:35 [main] [BasicTypeRegistry:157] - Adding type registration binary -> org.hibernate.type.BinaryType@33e0c716
[DEBUG] 21-11-11 01:10:35 [main] [BasicTypeRegistry:157] - Adding type registration byte[] -> org.hibernate.type.BinaryType@33e0c716
[DEBUG] 21-11-11 01:10:35 [main] [BasicTypeRegistry:157] - Adding type registration [B -> org.hibernate.type.BinaryType@33e0c716
[DEBUG] 21-11-11 01:10:35 [main] [BasicTypeRegistry:157] - Adding type registration wrapper-binary -> org.hibernate.type.WrapperBinaryType@4fa86cb8
[DEBUG] 21-11-11 01:10:35 [main] [BasicTypeRegistry:157] - Adding type registration Byte[] -> org.hibernate.type.WrapperBinaryType@4fa86cb8
[DEBUG] 21-11-11 01:10:35 [main] [BasicTypeRegistry:157] - Adding type registration [Ljava.lang.Byte; -> org.hibernate.type.WrapperBinaryType@4fa86cb8
[DEBUG] 21-11-11 01:10:35 [main] [BasicTypeRegistry:157] - Adding type registration row_version -> org.hibernate.type.RowVersionType@7f977fba
[DEBUG] 21-11-11 01:10:35 [main] [BasicTypeRegistry:157] - Adding type registration image -> org.hibernate.type.ImageType@7f5614f9
[DEBUG] 21-11-11 01:10:35 [main] [BasicTypeRegistry:157] - Adding type registration characters -> org.hibernate.type.CharArrayType@2de9ca6
[DEBUG] 21-11-11 01:10:35 [main] [BasicTypeRegistry:157] - Adding type registration char[] -> org.hibernate.type.CharArrayType@2de9ca6
[DEBUG] 21-11-11 01:10:35 [main] [BasicTypeRegistry:157] - Adding type registration [C -> org.hibernate.type.CharArrayType@2de9ca6
[DEBUG] 21-11-11 01:10:35 [main] [BasicTypeRegistry:157] - Adding type registration wrapper-characters -> org.hibernate.type.CharacterArrayType@5a1dddba
[DEBUG] 21-11-11 01:10:35 [main] [BasicTypeRegistry:157] - Adding type registration [Ljava.lang.Character; -> org.hibernate.type.CharacterArrayType@5a1dddba
[DEBUG] 21-11-11 01:10:35 [main] [BasicTypeRegistry:157] - Adding type registration Character[] -> org.hibernate.type.CharacterArrayType@5a1dddba
[DEBUG] 21-11-11 01:10:35 [main] [BasicTypeRegistry:157] - Adding type registration text -> org.hibernate.type.TextType@1a9ec80e
[DEBUG] 21-11-11 01:10:35 [main] [BasicTypeRegistry:157] - Adding type registration ntext -> org.hibernate.type.NTextType@4cffd3fd
[DEBUG] 21-11-11 01:10:35 [main] [BasicTypeRegistry:157] - Adding type registration blob -> org.hibernate.type.BlobType@372461a9
[DEBUG] 21-11-11 01:10:35 [main] [BasicTypeRegistry:157] - Adding type registration java.sql.Blob -> org.hibernate.type.BlobType@372461a9
[DEBUG] 21-11-11 01:10:35 [main] [BasicTypeRegistry:157] - Adding type registration materialized_blob -> org.hibernate.type.MaterializedBlobType@3086f480
[DEBUG] 21-11-11 01:10:35 [main] [BasicTypeRegistry:157] - Adding type registration clob -> org.hibernate.type.ClobType@5b5f9003
[DEBUG] 21-11-11 01:10:35 [main] [BasicTypeRegistry:157] - Adding type registration java.sql.Clob -> org.hibernate.type.ClobType@5b5f9003
[DEBUG] 21-11-11 01:10:35 [main] [BasicTypeRegistry:157] - Adding type registration nclob -> org.hibernate.type.NClobType@6d293993
[DEBUG] 21-11-11 01:10:35 [main] [BasicTypeRegistry:157] - Adding type registration java.sql.NClob -> org.hibernate.type.NClobType@6d293993
[DEBUG] 21-11-11 01:10:35 [main] [BasicTypeRegistry:157] - Adding type registration materialized_clob -> org.hibernate.type.MaterializedClobType@66e827a8
[DEBUG] 21-11-11 01:10:35 [main] [BasicTypeRegistry:157] - Adding type registration materialized_nclob -> org.hibernate.type.MaterializedNClobType@44598ef7
[DEBUG] 21-11-11 01:10:35 [main] [BasicTypeRegistry:157] - Adding type registration serializable -> org.hibernate.type.SerializableType@6bcae9
[DEBUG] 21-11-11 01:10:35 [main] [BasicTypeRegistry:157] - Adding type registration object -> org.hibernate.type.ObjectType@19ae2ee5
[DEBUG] 21-11-11 01:10:35 [main] [BasicTypeRegistry:157] - Adding type registration java.lang.Object -> org.hibernate.type.ObjectType@19ae2ee5
[DEBUG] 21-11-11 01:10:35 [main] [BasicTypeRegistry:157] - Adding type registration imm_date -> org.hibernate.type.AdaptedImmutableType@74c9e11
[DEBUG] 21-11-11 01:10:35 [main] [BasicTypeRegistry:157] - Adding type registration imm_time -> org.hibernate.type.AdaptedImmutableType@9fe720a
[DEBUG] 21-11-11 01:10:35 [main] [BasicTypeRegistry:157] - Adding type registration imm_timestamp -> org.hibernate.type.AdaptedImmutableType@149274cb
[DEBUG] 21-11-11 01:10:35 [main] [BasicTypeRegistry:157] - Adding type registration imm_dbtimestamp -> org.hibernate.type.AdaptedImmutableType@118acf70
[DEBUG] 21-11-11 01:10:35 [main] [BasicTypeRegistry:157] - Adding type registration imm_calendar -> org.hibernate.type.AdaptedImmutableType@72557746
[DEBUG] 21-11-11 01:10:35 [main] [BasicTypeRegistry:157] - Adding type registration imm_calendar_date -> org.hibernate.type.AdaptedImmutableType@8c12524
[DEBUG] 21-11-11 01:10:35 [main] [BasicTypeRegistry:157] - Adding type registration imm_binary -> org.hibernate.type.AdaptedImmutableType@f723cdb
[DEBUG] 21-11-11 01:10:35 [main] [BasicTypeRegistry:157] - Adding type registration imm_serializable -> org.hibernate.type.AdaptedImmutableType@4844930a
[DEBUG] 21-11-11 01:10:35 [main] [BootstrapContextImpl:259] - Injecting JPA temp ClassLoader [org.springframework.instrument.classloading.SimpleThrowawayClassLoader@70b6db83] into BootstrapContext; was [null]
[DEBUG] 21-11-11 01:10:35 [main] [ClassLoaderAccessImpl:45] - ClassLoaderAccessImpl#injectTempClassLoader(org.springframework.instrument.classloading.SimpleThrowawayClassLoader@70b6db83) [was null]
[DEBUG] 21-11-11 01:10:35 [main] [BootstrapContextImpl:269] - Injecting ScanEnvironment [org.hibernate.jpa.boot.internal.StandardJpaScanEnvironmentImpl@a90e2c1] into BootstrapContext; was [null]
[DEBUG] 21-11-11 01:10:35 [main] [BootstrapContextImpl:264] - Injecting ScanOptions [org.hibernate.boot.archive.scan.internal.StandardScanOptions@89caf47] into BootstrapContext; was [org.hibernate.boot.archive.scan.internal.StandardScanOptions@370ef50b]
[DEBUG] 21-11-11 01:10:35 [main] [BootstrapContextImpl:259] - Injecting JPA temp ClassLoader [null] into BootstrapContext; was [org.springframework.instrument.classloading.SimpleThrowawayClassLoader@70b6db83]
[DEBUG] 21-11-11 01:10:35 [main] [ClassLoaderAccessImpl:45] - ClassLoaderAccessImpl#injectTempClassLoader(null) [was org.springframework.instrument.classloading.SimpleThrowawayClassLoader@70b6db83]
[DEBUG] 21-11-11 01:10:35 [main] [DefaultIdentifierGeneratorFactory:81] - Registering IdentifierGenerator strategy [uuid2] -> [org.hibernate.id.UUIDGenerator]
[DEBUG] 21-11-11 01:10:35 [main] [DefaultIdentifierGeneratorFactory:81] - Registering IdentifierGenerator strategy [guid] -> [org.hibernate.id.GUIDGenerator]
[DEBUG] 21-11-11 01:10:35 [main] [DefaultIdentifierGeneratorFactory:81] - Registering IdentifierGenerator strategy [uuid] -> [org.hibernate.id.UUIDHexGenerator]
[DEBUG] 21-11-11 01:10:35 [main] [DefaultIdentifierGeneratorFactory:81] - Registering IdentifierGenerator strategy [uuid.hex] -> [org.hibernate.id.UUIDHexGenerator]
[DEBUG] 21-11-11 01:10:35 [main] [DefaultIdentifierGeneratorFactory:81] - Registering IdentifierGenerator strategy [assigned] -> [org.hibernate.id.Assigned]
[DEBUG] 21-11-11 01:10:35 [main] [DefaultIdentifierGeneratorFactory:81] - Registering IdentifierGenerator strategy [identity] -> [org.hibernate.id.IdentityGenerator]
[DEBUG] 21-11-11 01:10:35 [main] [DefaultIdentifierGeneratorFactory:81] - Registering IdentifierGenerator strategy [select] -> [org.hibernate.id.SelectGenerator]
[DEBUG] 21-11-11 01:10:35 [main] [DefaultIdentifierGeneratorFactory:81] - Registering IdentifierGenerator strategy [sequence] -> [org.hibernate.id.enhanced.SequenceStyleGenerator]
[DEBUG] 21-11-11 01:10:35 [main] [DefaultIdentifierGeneratorFactory:81] - Registering IdentifierGenerator strategy [seqhilo] -> [org.hibernate.id.SequenceHiLoGenerator]
[DEBUG] 21-11-11 01:10:35 [main] [DefaultIdentifierGeneratorFactory:81] - Registering IdentifierGenerator strategy [increment] -> [org.hibernate.id.IncrementGenerator]
[DEBUG] 21-11-11 01:10:35 [main] [DefaultIdentifierGeneratorFactory:81] - Registering IdentifierGenerator strategy [foreign] -> [org.hibernate.id.ForeignGenerator]
[DEBUG] 21-11-11 01:10:35 [main] [DefaultIdentifierGeneratorFactory:81] - Registering IdentifierGenerator strategy [sequence-identity] -> [org.hibernate.id.SequenceIdentityGenerator]
[DEBUG] 21-11-11 01:10:35 [main] [DefaultIdentifierGeneratorFactory:81] - Registering IdentifierGenerator strategy [enhanced-sequence] -> [org.hibernate.id.enhanced.SequenceStyleGenerator]
[DEBUG] 21-11-11 01:10:35 [main] [DefaultIdentifierGeneratorFactory:81] - Registering IdentifierGenerator strategy [enhanced-table] -> [org.hibernate.id.enhanced.TableGenerator]
[DEBUG] 21-11-11 01:10:35 [main] [HikariConfig:1103] - HikariPool-1 - configuration:
[DEBUG] 21-11-11 01:10:35 [main] [HikariConfig:1135] - allowPoolSuspension................................false
[DEBUG] 21-11-11 01:10:35 [main] [HikariConfig:1135] - autoCommit................................true
[DEBUG] 21-11-11 01:10:35 [main] [HikariConfig:1135] - catalog................................none
[DEBUG] 21-11-11 01:10:35 [main] [HikariConfig:1135] - connectionInitSql................................none
[DEBUG] 21-11-11 01:10:35 [main] [HikariConfig:1135] - connectionTestQuery................................none
[DEBUG] 21-11-11 01:10:35 [main] [HikariConfig:1135] - connectionTimeout................................30000
[DEBUG] 21-11-11 01:10:35 [main] [HikariConfig:1135] - dataSource................................none
[DEBUG] 21-11-11 01:10:35 [main] [HikariConfig:1135] - dataSourceClassName................................none
[DEBUG] 21-11-11 01:10:35 [main] [HikariConfig:1135] - dataSourceJNDI................................none
[DEBUG] 21-11-11 01:10:35 [main] [HikariConfig:1135] - dataSourceProperties................................{password=<masked>}
[DEBUG] 21-11-11 01:10:35 [main] [HikariConfig:1135] - driverClassName................................"org.h2.Driver"
[DEBUG] 21-11-11 01:10:35 [main] [HikariConfig:1135] - exceptionOverrideClassName................................none
[DEBUG] 21-11-11 01:10:35 [main] [HikariConfig:1135] - healthCheckProperties................................{}
[DEBUG] 21-11-11 01:10:35 [main] [HikariConfig:1135] - healthCheckRegistry................................none
[DEBUG] 21-11-11 01:10:35 [main] [HikariConfig:1135] - idleTimeout................................600000
[DEBUG] 21-11-11 01:10:35 [main] [HikariConfig:1135] - initializationFailTimeout................................1
[DEBUG] 21-11-11 01:10:35 [main] [HikariConfig:1135] - isolateInternalQueries................................false
[DEBUG] 21-11-11 01:10:35 [main] [HikariConfig:1135] - jdbcUrl................................jdbc:h2:mem:testdb
[DEBUG] 21-11-11 01:10:35 [main] [HikariConfig:1135] - keepaliveTime................................0
[DEBUG] 21-11-11 01:10:35 [main] [HikariConfig:1135] - leakDetectionThreshold................................0
[DEBUG] 21-11-11 01:10:35 [main] [HikariConfig:1135] - maxLifetime................................1800000
[DEBUG] 21-11-11 01:10:35 [main] [HikariConfig:1135] - maximumPoolSize................................10
[DEBUG] 21-11-11 01:10:35 [main] [HikariConfig:1135] - metricRegistry................................none
[DEBUG] 21-11-11 01:10:35 [main] [HikariConfig:1135] - metricsTrackerFactory................................none
[DEBUG] 21-11-11 01:10:35 [main] [HikariConfig:1135] - minimumIdle................................10
[DEBUG] 21-11-11 01:10:35 [main] [HikariConfig:1135] - password................................<masked>
[DEBUG] 21-11-11 01:10:35 [main] [HikariConfig:1135] - poolName................................"HikariPool-1"
[DEBUG] 21-11-11 01:10:35 [main] [HikariConfig:1135] - readOnly................................false
[DEBUG] 21-11-11 01:10:35 [main] [HikariConfig:1135] - registerMbeans................................false
[DEBUG] 21-11-11 01:10:35 [main] [HikariConfig:1135] - scheduledExecutor................................none
[DEBUG] 21-11-11 01:10:35 [main] [HikariConfig:1135] - schema................................none
[DEBUG] 21-11-11 01:10:35 [main] [HikariConfig:1135] - threadFactory................................internal
[DEBUG] 21-11-11 01:10:35 [main] [HikariConfig:1135] - transactionIsolation................................default
[DEBUG] 21-11-11 01:10:35 [main] [HikariConfig:1135] - username................................"sa"
[DEBUG] 21-11-11 01:10:35 [main] [HikariConfig:1135] - validationTimeout................................5000
[INFO ] 21-11-11 01:10:35 [main] [HikariDataSource:110] - HikariPool-1 - Starting...
[DEBUG] 21-11-11 01:10:35 [main] [HikariPool:565] - HikariPool-1 - Added connection conn0: url=jdbc:h2:mem:testdb user=SA
[INFO ] 21-11-11 01:10:35 [main] [HikariDataSource:123] - HikariPool-1 - Start completed.
[DEBUG] 21-11-11 01:10:35 [main] [JdbcEnvironmentInitiator:72] - Database ->
       name : H2
    version : 1.4.200 (2019-10-14)
      major : 1
      minor : 4
[DEBUG] 21-11-11 01:10:35 [main] [JdbcEnvironmentInitiator:83] - Driver ->
       name : H2 JDBC Driver
    version : 1.4.200 (2019-10-14)
      major : 1
      minor : 4
[DEBUG] 21-11-11 01:10:35 [main] [JdbcEnvironmentInitiator:389] - JDBC version : 4.1
[INFO ] 21-11-11 01:10:35 [main] [Dialect:175] - HHH000400: Using dialect: org.hibernate.dialect.H2Dialect
[DEBUG] 21-11-11 01:10:35 [main] [IdentifierHelperBuilder:110] - JDBC driver metadata reported database stores quoted identifiers in neither upper, lower nor mixed case
[DEBUG] 21-11-11 01:10:35 [main] [Namespace:51] - Created database namespace [logicalName=Name{catalog=null, schema=null}, physicalName=Name{catalog=null, schema=null}]
[DEBUG] 21-11-11 01:10:35 [main] [TypeConfiguration$Scope:152] - Scoping TypeConfiguration [org.hibernate.type.spi.TypeConfiguration@4a9b3956] to MetadataBuildingContext [org.hibernate.boot.internal.MetadataBuildingContextRootImpl@4217bce6]
[DEBUG] 21-11-11 01:10:35 [HikariPool-1 housekeeper] [HikariPool:421] - HikariPool-1 - Pool stats (total=1, active=0, idle=1, waiting=0)
[DEBUG] 21-11-11 01:10:35 [HikariPool-1 connection adder] [HikariPool:729] - HikariPool-1 - Added connection conn1: url=jdbc:h2:mem:testdb user=SA
[DEBUG] 21-11-11 01:10:35 [HikariPool-1 connection adder] [HikariPool:729] - HikariPool-1 - Added connection conn2: url=jdbc:h2:mem:testdb user=SA
[DEBUG] 21-11-11 01:10:35 [HikariPool-1 connection adder] [HikariPool:729] - HikariPool-1 - Added connection conn3: url=jdbc:h2:mem:testdb user=SA
[DEBUG] 21-11-11 01:10:35 [HikariPool-1 connection adder] [HikariPool:729] - HikariPool-1 - Added connection conn4: url=jdbc:h2:mem:testdb user=SA
[DEBUG] 21-11-11 01:10:35 [HikariPool-1 connection adder] [HikariPool:729] - HikariPool-1 - Added connection conn5: url=jdbc:h2:mem:testdb user=SA
[DEBUG] 21-11-11 01:10:35 [HikariPool-1 connection adder] [HikariPool:729] - HikariPool-1 - Added connection conn6: url=jdbc:h2:mem:testdb user=SA
[DEBUG] 21-11-11 01:10:35 [HikariPool-1 connection adder] [HikariPool:729] - HikariPool-1 - Added connection conn7: url=jdbc:h2:mem:testdb user=SA
[DEBUG] 21-11-11 01:10:35 [HikariPool-1 connection adder] [HikariPool:729] - HikariPool-1 - Added connection conn8: url=jdbc:h2:mem:testdb user=SA
[DEBUG] 21-11-11 01:10:35 [HikariPool-1 connection adder] [HikariPool:729] - HikariPool-1 - Added connection conn9: url=jdbc:h2:mem:testdb user=SA
[DEBUG] 21-11-11 01:10:35 [HikariPool-1 connection adder] [HikariPool:421] - HikariPool-1 - After adding stats (total=10, active=0, idle=10, waiting=0)
[DEBUG] 21-11-11 01:10:35 [main] [AnnotationBinder:560] - Binding entity from annotated class: com.example.test.entity.KeywordEntity
[DEBUG] 21-11-11 01:10:35 [main] [Ejb3Column:213] - Binding column: Ejb3DiscriminatorColumn{logicalColumnName'DTYPE', discriminatorTypeName='string'}
[DEBUG] 21-11-11 01:10:35 [main] [EntityBinder:430] - Import with entity name KeywordEntity
[DEBUG] 21-11-11 01:10:35 [main] [EntityBinder:873] - Bind entity com.example.test.entity.KeywordEntity on table search_result
[DEBUG] 21-11-11 01:10:35 [main] [Ejb3Column:213] - Binding column: Ejb3Column{table=org.hibernate.mapping.Table(search_result), mappingColumn=keyword, insertable=true, updatable=true, unique=false}
[DEBUG] 21-11-11 01:10:35 [main] [ClassLoaderAccessImpl:60] - Not known whether passed class name [com.example.test.entity.KeywordEntity] is safe
[DEBUG] 21-11-11 01:10:35 [main] [ClassLoaderAccessImpl:62] - No temp ClassLoader provided; using live ClassLoader for loading potentially unsafe class : com.example.test.entity.KeywordEntity
[DEBUG] 21-11-11 01:10:35 [main] [PropertyBinder:175] - MetadataSourceProcessor property keyword with lazy=false
[DEBUG] 21-11-11 01:10:35 [main] [AbstractPropertyHolder:94] - Attempting to locate auto-apply AttributeConverter for property [com.example.test.entity.KeywordEntity:keyword]
[DEBUG] 21-11-11 01:10:35 [main] [SimpleValueBinder:410] - building SimpleValue for keyword
[DEBUG] 21-11-11 01:10:35 [main] [PropertyBinder:266] - Building property keyword
[DEBUG] 21-11-11 01:10:35 [main] [BinderHelper:643] - #makeIdGenerator(org.hibernate.mapping.SimpleValue([org.hibernate.mapping.Column(keyword)]), keyword, assigned, , ...)
[DEBUG] 21-11-11 01:10:35 [main] [Ejb3Column:213] - Binding column: Ejb3Column{table=org.hibernate.mapping.Table(search_result), mappingColumn=search_count, insertable=true, updatable=true, unique=false}
[DEBUG] 21-11-11 01:10:35 [main] [PropertyBinder:175] - MetadataSourceProcessor property searchCount with lazy=false
[DEBUG] 21-11-11 01:10:35 [main] [AbstractPropertyHolder:94] - Attempting to locate auto-apply AttributeConverter for property [com.example.test.entity.KeywordEntity:searchCount]
[DEBUG] 21-11-11 01:10:35 [main] [SimpleValueBinder:410] - building SimpleValue for searchCount
[DEBUG] 21-11-11 01:10:35 [main] [PropertyBinder:266] - Building property searchCount
[DEBUG] 21-11-11 01:10:35 [main] [SimpleValueBinder:455] - Starting fillSimpleValue for keyword
[DEBUG] 21-11-11 01:10:35 [main] [SimpleValueBinder:455] - Starting fillSimpleValue for searchCount
[DEBUG] 21-11-11 01:10:35 [main] [PrimaryKey:35] - Forcing column [keyword] to be non-null as it is part of the primary key for table [search_result]
[DEBUG] 21-11-11 01:10:35 [main] [SessionFactoryImpl:204] - Building session factory
[DEBUG] 21-11-11 01:10:35 [main] [Settings:68] - SessionFactory name : null
[DEBUG] 21-11-11 01:10:35 [main] [Settings:69] - Automatic flush during beforeCompletion(): enabled
[DEBUG] 21-11-11 01:10:35 [main] [Settings:70] - Automatic session close at end of transaction: disabled
[DEBUG] 21-11-11 01:10:35 [main] [Settings:72] - Statistics: disabled
[DEBUG] 21-11-11 01:10:35 [main] [Settings:74] - Deleted entity synthetic identifier rollback: disabled
[DEBUG] 21-11-11 01:10:35 [main] [Settings:75] - Default entity-mode: pojo
[DEBUG] 21-11-11 01:10:35 [main] [Settings:76] - Check Nullability in Core (should be disabled when Bean Validation is on): enabled
[DEBUG] 21-11-11 01:10:35 [main] [Settings:77] - Allow initialization of lazy state outside session : disabled
[DEBUG] 21-11-11 01:10:35 [main] [Settings:79] - Using BatchFetchStyle : LEGACY
[DEBUG] 21-11-11 01:10:35 [main] [Settings:80] - Default batch fetch size: -1
[DEBUG] 21-11-11 01:10:35 [main] [Settings:81] - Maximum outer join fetch depth: null
[DEBUG] 21-11-11 01:10:35 [main] [Settings:82] - Default null ordering: NONE
[DEBUG] 21-11-11 01:10:35 [main] [Settings:83] - Order SQL updates by primary key: disabled
[DEBUG] 21-11-11 01:10:35 [main] [Settings:84] - Order SQL inserts for batching: disabled
[DEBUG] 21-11-11 01:10:35 [main] [Settings:86] - multi-tenancy strategy : NONE
[DEBUG] 21-11-11 01:10:35 [main] [Settings:88] - JTA Track by Thread: enabled
[DEBUG] 21-11-11 01:10:35 [main] [Settings:90] - Query language substitutions: {}
[DEBUG] 21-11-11 01:10:35 [main] [Settings:91] - Named query checking : enabled
[DEBUG] 21-11-11 01:10:35 [main] [Settings:93] - Second-level cache: disabled
[DEBUG] 21-11-11 01:10:35 [main] [Settings:94] - Second-level query cache: disabled
[DEBUG] 21-11-11 01:10:35 [main] [Settings:95] - Second-level query cache factory: null
[DEBUG] 21-11-11 01:10:35 [main] [Settings:96] - Second-level cache region prefix: null
[DEBUG] 21-11-11 01:10:35 [main] [Settings:97] - Optimize second-level cache for minimal puts: disabled
[DEBUG] 21-11-11 01:10:35 [main] [Settings:98] - Structured second-level cache entries: disabled
[DEBUG] 21-11-11 01:10:35 [main] [Settings:99] - Second-level cache direct-reference entries: disabled
[DEBUG] 21-11-11 01:10:35 [main] [Settings:100] - Automatic eviction of collection cache: disabled
[DEBUG] 21-11-11 01:10:35 [main] [Settings:102] - JDBC batch size: 15
[DEBUG] 21-11-11 01:10:35 [main] [Settings:103] - JDBC batch updates for versioned data: enabled
[DEBUG] 21-11-11 01:10:35 [main] [Settings:104] - Scrollable result sets: enabled
[DEBUG] 21-11-11 01:10:35 [main] [Settings:105] - Wrap result sets: disabled
[DEBUG] 21-11-11 01:10:35 [main] [Settings:106] - JDBC3 getGeneratedKeys(): enabled
[DEBUG] 21-11-11 01:10:35 [main] [Settings:107] - JDBC result set fetch size: null
[DEBUG] 21-11-11 01:10:35 [main] [Settings:108] - Connection release mode: ON_CLOSE
[DEBUG] 21-11-11 01:10:35 [main] [Settings:109] - Generate SQL with comments: disabled
[DEBUG] 21-11-11 01:10:35 [main] [Settings:111] - JPA compliance - query : disabled
[DEBUG] 21-11-11 01:10:35 [main] [Settings:112] - JPA compliance - closed-handling : disabled
[DEBUG] 21-11-11 01:10:35 [main] [Settings:113] - JPA compliance - lists : disabled
[DEBUG] 21-11-11 01:10:35 [main] [Settings:114] - JPA compliance - transactions : disabled
[DEBUG] 21-11-11 01:10:35 [main] [SessionFactoryImpl:259] - Session factory constructed with filter configurations : {}
[DEBUG] 21-11-11 01:10:35 [main] [SessionFactoryImpl:260] - Instantiating session factory with properties: {hibernate.id.new_generator_mappings=true, java.specification.version=17, sun.cpu.isalist=amd64, hibernate.resource.beans.container=org.springframework.orm.hibernate5.SpringBeanContainer@184de357, hibernate.connection.handling_mode=DELAYED_ACQUISITION_AND_HOLD, sun.jnu.encoding=MS949, hibernate.dialect=org.hibernate.dialect.H2Dialect, hibernate.implicit_naming_strategy=org.springframework.boot.orm.jpa.hibernate.SpringImplicitNamingStrategy, java.class.path=C:\Users\user\Desktop\SPRING_BOOT_SAMPLE\target\test-classes;C:\Users\user\Desktop\SPRING_BOOT_SAMPLE\target\classes;C:\Users\user\.m2\repository\org\springframework\boot\spring-boot-starter\2.5.6\spring-boot-starter-2.5.6.jar;C:\Users\user\.m2\repository\org\springframework\boot\spring-boot\2.5.6\spring-boot-2.5.6.jar;C:\Users\user\.m2\repository\org\springframework\spring-context\5.3.12\spring-context-5.3.12.jar;C:\Users\user\.m2\repository\org\springframework\boot\spring-boot-autoconfigure\2.5.6\spring-boot-autoconfigure-2.5.6.jar;C:\Users\user\.m2\repository\org\springframework\boot\spring-boot-starter-logging\2.5.6\spring-boot-starter-logging-2.5.6.jar;C:\Users\user\.m2\repository\ch\qos\logback\logback-classic\1.2.6\logback-classic-1.2.6.jar;C:\Users\user\.m2\repository\ch\qos\logback\logback-core\1.2.6\logback-core-1.2.6.jar;C:\Users\user\.m2\repository\org\apache\logging\log4j\log4j-to-slf4j\2.14.1\log4j-to-slf4j-2.14.1.jar;C:\Users\user\.m2\repository\org\apache\logging\log4j\log4j-api\2.14.1\log4j-api-2.14.1.jar;C:\Users\user\.m2\repository\org\slf4j\jul-to-slf4j\1.7.32\jul-to-slf4j-1.7.32.jar;C:\Users\user\.m2\repository\jakarta\annotation\jakarta.annotation-api\1.3.5\jakarta.annotation-api-1.3.5.jar;C:\Users\user\.m2\repository\org\springframework\spring-core\5.3.12\spring-core-5.3.12.jar;C:\Users\user\.m2\repository\org\springframework\spring-jcl\5.3.12\spring-jcl-5.3.12.jar;C:\Users\user\.m2\repository\org\yaml\snakeyaml\1.28\snakeyaml-1.28.jar;C:\Users\user\.m2\repository\org\springframework\boot\spring-boot-starter-validation\2.5.6\spring-boot-starter-validation-2.5.6.jar;C:\Users\user\.m2\repository\org\apache\tomcat\embed\tomcat-embed-el\9.0.54\tomcat-embed-el-9.0.54.jar;C:\Users\user\.m2\repository\org\hibernate\validator\hibernate-validator\6.2.0.Final\hibernate-validator-6.2.0.Final.jar;C:\Users\user\.m2\repository\jakarta\validation\jakarta.validation-api\2.0.2\jakarta.validation-api-2.0.2.jar;C:\Users\user\.m2\repository\org\jboss\logging\jboss-logging\3.4.2.Final\jboss-logging-3.4.2.Final.jar;C:\Users\user\.m2\repository\com\fasterxml\classmate\1.5.1\classmate-1.5.1.jar;C:\Users\user\.m2\repository\org\springframework\boot\spring-boot-starter-web\2.5.6\spring-boot-starter-web-2.5.6.jar;C:\Users\user\.m2\repository\org\springframework\boot\spring-boot-starter-json\2.5.6\spring-boot-starter-json-2.5.6.jar;C:\Users\user\.m2\repository\com\fasterxml\jackson\core\jackson-databind\2.12.5\jackson-databind-2.12.5.jar;C:\Users\user\.m2\repository\com\fasterxml\jackson\core\jackson-annotations\2.12.5\jackson-annotations-2.12.5.jar;C:\Users\user\.m2\repository\com\fasterxml\jackson\core\jackson-core\2.12.5\jackson-core-2.12.5.jar;C:\Users\user\.m2\repository\com\fasterxml\jackson\datatype\jackson-datatype-jdk8\2.12.5\jackson-datatype-jdk8-2.12.5.jar;C:\Users\user\.m2\repository\com\fasterxml\jackson\datatype\jackson-datatype-jsr310\2.12.5\jackson-datatype-jsr310-2.12.5.jar;C:\Users\user\.m2\repository\com\fasterxml\jackson\module\jackson-module-parameter-names\2.12.5\jackson-module-parameter-names-2.12.5.jar;C:\Users\user\.m2\repository\org\springframework\boot\spring-boot-starter-tomcat\2.5.6\spring-boot-starter-tomcat-2.5.6.jar;C:\Users\user\.m2\repository\org\apache\tomcat\embed\tomcat-embed-core\9.0.54\tomcat-embed-core-9.0.54.jar;C:\Users\user\.m2\repository\org\apache\tomcat\embed\tomcat-embed-websocket\9.0.54\tomcat-embed-websocket-9.0.54.jar;C:\Users\user\.m2\repository\org\springframework\spring-web\5.3.12\spring-web-5.3.12.jar;C:\Users\user\.m2\repository\org\springframework\spring-beans\5.3.12\spring-beans-5.3.12.jar;C:\Users\user\.m2\repository\org\springframework\spring-webmvc\5.3.12\spring-webmvc-5.3.12.jar;C:\Users\user\.m2\repository\org\springframework\spring-aop\5.3.12\spring-aop-5.3.12.jar;C:\Users\user\.m2\repository\org\springframework\spring-expression\5.3.12\spring-expression-5.3.12.jar;C:\Users\user\.m2\repository\org\springframework\boot\spring-boot-starter-test\2.5.6\spring-boot-starter-test-2.5.6.jar;C:\Users\user\.m2\repository\org\springframework\boot\spring-boot-test\2.5.6\spring-boot-test-2.5.6.jar;C:\Users\user\.m2\repository\org\springframework\boot\spring-boot-test-autoconfigure\2.5.6\spring-boot-test-autoconfigure-2.5.6.jar;C:\Users\user\.m2\repository\com\jayway\jsonpath\json-path\2.5.0\json-path-2.5.0.jar;C:\Users\user\.m2\repository\net\minidev\json-smart\2.4.7\json-smart-2.4.7.jar;C:\Users\user\.m2\repository\net\minidev\accessors-smart\2.4.7\accessors-smart-2.4.7.jar;C:\Users\user\.m2\repository\org\ow2\asm\asm\9.1\asm-9.1.jar;C:\Users\user\.m2\repository\org\slf4j\slf4j-api\1.7.32\slf4j-api-1.7.32.jar;C:\Users\user\.m2\repository\jakarta\xml\bind\jakarta.xml.bind-api\2.3.3\jakarta.xml.bind-api-2.3.3.jar;C:\Users\user\.m2\repository\jakarta\activation\jakarta.activation-api\1.2.2\jakarta.activation-api-1.2.2.jar;C:\Users\user\.m2\repository\org\assertj\assertj-core\3.19.0\assertj-core-3.19.0.jar;C:\Users\user\.m2\repository\org\hamcrest\hamcrest\2.2\hamcrest-2.2.jar;C:\Users\user\.m2\repository\org\junit\jupiter\junit-jupiter\5.7.2\junit-jupiter-5.7.2.jar;C:\Users\user\.m2\repository\org\junit\jupiter\junit-jupiter-api\5.7.2\junit-jupiter-api-5.7.2.jar;C:\Users\user\.m2\repository\org\apiguardian\apiguardian-api\1.1.0\apiguardian-api-1.1.0.jar;C:\Users\user\.m2\repository\org\opentest4j\opentest4j\1.2.0\opentest4j-1.2.0.jar;C:\Users\user\.m2\repository\org\junit\platform\junit-platform-commons\1.7.2\junit-platform-commons-1.7.2.jar;C:\Users\user\.m2\repository\org\junit\jupiter\junit-jupiter-params\5.7.2\junit-jupiter-params-5.7.2.jar;C:\Users\user\.m2\repository\org\junit\jupiter\junit-jupiter-engine\5.7.2\junit-jupiter-engine-5.7.2.jar;C:\Users\user\.m2\repository\org\junit\platform\junit-platform-engine\1.7.2\junit-platform-engine-1.7.2.jar;C:\Users\user\.m2\repository\org\mockito\mockito-core\3.9.0\mockito-core-3.9.0.jar;C:\Users\user\.m2\repository\net\bytebuddy\byte-buddy\1.10.22\byte-buddy-1.10.22.jar;C:\Users\user\.m2\repository\net\bytebuddy\byte-buddy-agent\1.10.22\byte-buddy-agent-1.10.22.jar;C:\Users\user\.m2\repository\org\objenesis\objenesis\3.2\objenesis-3.2.jar;C:\Users\user\.m2\repository\org\mockito\mockito-junit-jupiter\3.9.0\mockito-junit-jupiter-3.9.0.jar;C:\Users\user\.m2\repository\org\skyscreamer\jsonassert\1.5.0\jsonassert-1.5.0.jar;C:\Users\user\.m2\repository\com\vaadin\external\google\android-json\0.0.20131108.vaadin1\android-json-0.0.20131108.vaadin1.jar;C:\Users\user\.m2\repository\org\springframework\spring-test\5.3.12\spring-test-5.3.12.jar;C:\Users\user\.m2\repository\org\xmlunit\xmlunit-core\2.8.3\xmlunit-core-2.8.3.jar;C:\Users\user\.m2\repository\org\projectlombok\lombok\1.18.22\lombok-1.18.22.jar;C:\Users\user\.m2\repository\org\springframework\boot\spring-boot-starter-webflux\2.5.6\spring-boot-starter-webflux-2.5.6.jar;C:\Users\user\.m2\repository\org\springframework\boot\spring-boot-starter-reactor-netty\2.5.6\spring-boot-starter-reactor-netty-2.5.6.jar;C:\Users\user\.m2\repository\io\projectreactor\netty\reactor-netty-http\1.0.12\reactor-netty-http-1.0.12.jar;C:\Users\user\.m2\repository\io\netty\netty-codec-http\4.1.69.Final\netty-codec-http-4.1.69.Final.jar;C:\Users\user\.m2\repository\io\netty\netty-common\4.1.69.Final\netty-common-4.1.69.Final.jar;C:\Users\user\.m2\repository\io\netty\netty-buffer\4.1.69.Final\netty-buffer-4.1.69.Final.jar;C:\Users\user\.m2\repository\io\netty\netty-transport\4.1.69.Final\netty-transport-4.1.69.Final.jar;C:\Users\user\.m2\repository\io\netty\netty-codec\4.1.69.Final\netty-codec-4.1.69.Final.jar;C:\Users\user\.m2\repository\io\netty\netty-handler\4.1.69.Final\netty-handler-4.1.69.Final.jar;C:\Users\user\.m2\repository\io\netty\netty-codec-http2\4.1.69.Final\netty-codec-http2-4.1.69.Final.jar;C:\Users\user\.m2\repository\io\netty\netty-resolver-dns\4.1.69.Final\netty-resolver-dns-4.1.69.Final.jar;C:\Users\user\.m2\repository\io\netty\netty-resolver\4.1.69.Final\netty-resolver-4.1.69.Final.jar;C:\Users\user\.m2\repository\io\netty\netty-codec-dns\4.1.69.Final\netty-codec-dns-4.1.69.Final.jar;C:\Users\user\.m2\repository\io\netty\netty-resolver-dns-native-macos\4.1.69.Final\netty-resolver-dns-native-macos-4.1.69.Final-osx-x86_64.jar;C:\Users\user\.m2\repository\io\netty\netty-transport-native-unix-common\4.1.69.Final\netty-transport-native-unix-common-4.1.69.Final.jar;C:\Users\user\.m2\repository\io\netty\netty-transport-native-epoll\4.1.69.Final\netty-transport-native-epoll-4.1.69.Final-linux-x86_64.jar;C:\Users\user\.m2\repository\io\projectreactor\netty\reactor-netty-core\1.0.12\reactor-netty-core-1.0.12.jar;C:\Users\user\.m2\repository\io\netty\netty-handler-proxy\4.1.69.Final\netty-handler-proxy-4.1.69.Final.jar;C:\Users\user\.m2\repository\io\netty\netty-codec-socks\4.1.69.Final\netty-codec-socks-4.1.69.Final.jar;C:\Users\user\.m2\repository\org\springframework\spring-webflux\5.3.12\spring-webflux-5.3.12.jar;C:\Users\user\.m2\repository\io\projectreactor\reactor-core\3.4.11\reactor-core-3.4.11.jar;C:\Users\user\.m2\repository\org\reactivestreams\reactive-streams\1.0.3\reactive-streams-1.0.3.jar;C:\Users\user\.m2\repository\org\springframework\boot\spring-boot-starter-jdbc\2.5.6\spring-boot-starter-jdbc-2.5.6.jar;C:\Users\user\.m2\repository\com\zaxxer\HikariCP\4.0.3\HikariCP-4.0.3.jar;C:\Users\user\.m2\repository\org\springframework\spring-jdbc\5.3.12\spring-jdbc-5.3.12.jar;C:\Users\user\.m2\repository\org\springframework\spring-tx\5.3.12\spring-tx-5.3.12.jar;C:\Users\user\.m2\repository\com\h2database\h2\1.4.200\h2-1.4.200.jar;C:\Users\user\.m2\repository\org\springframework\boot\spring-boot-starter-data-jpa\2.5.6\spring-boot-starter-data-jpa-2.5.6.jar;C:\Users\user\.m2\repository\org\springframework\boot\spring-boot-starter-aop\2.5.6\spring-boot-starter-aop-2.5.6.jar;C:\Users\user\.m2\repository\org\aspectj\aspectjweaver\1.9.7\aspectjweaver-1.9.7.jar;C:\Users\user\.m2\repository\jakarta\transaction\jakarta.transaction-api\1.3.3\jakarta.transaction-api-1.3.3.jar;C:\Users\user\.m2\repository\jakarta\persistence\jakarta.persistence-api\2.2.3\jakarta.persistence-api-2.2.3.jar;C:\Users\user\.m2\repository\org\hibernate\hibernate-core\5.4.32.Final\hibernate-core-5.4.32.Final.jar;C:\Users\user\.m2\repository\org\javassist\javassist\3.27.0-GA\javassist-3.27.0-GA.jar;C:\Users\user\.m2\repository\antlr\antlr\2.7.7\antlr-2.7.7.jar;C:\Users\user\.m2\repository\org\jboss\jandex\2.2.3.Final\jandex-2.2.3.Final.jar;C:\Users\user\.m2\repository\org\dom4j\dom4j\2.1.3\dom4j-2.1.3.jar;C:\Users\user\.m2\repository\org\hibernate\common\hibernate-commons-annotations\5.1.2.Final\hibernate-commons-annotations-5.1.2.Final.jar;C:\Users\user\.m2\repository\org\glassfish\jaxb\jaxb-runtime\2.3.5\jaxb-runtime-2.3.5.jar;C:\Users\user\.m2\repository\org\glassfish\jaxb\txw2\2.3.5\txw2-2.3.5.jar;C:\Users\user\.m2\repository\com\sun\istack\istack-commons-runtime\3.0.12\istack-commons-runtime-3.0.12.jar;C:\Users\user\.m2\repository\com\sun\activation\jakarta.activation\1.2.2\jakarta.activation-1.2.2.jar;C:\Users\user\.m2\repository\org\springframework\data\spring-data-jpa\2.5.6\spring-data-jpa-2.5.6.jar;C:\Users\user\.m2\repository\org\springframework\data\spring-data-commons\2.5.6\spring-data-commons-2.5.6.jar;C:\Users\user\.m2\repository\org\springframework\spring-orm\5.3.12\spring-orm-5.3.12.jar;C:\Users\user\.m2\repository\org\springframework\spring-aspects\5.3.12\spring-aspects-5.3.12.jar;, java.vm.vendor=Oracle Corporation, sun.arch.data.model=64, user.variant=, java.vendor.url=https://java.oracle.com/, user.timezone=Asia/Seoul, java.vm.specification.version=17, os.name=Windows 10, javax.persistence.validation.mode=AUTO, sun.java.launcher=SUN_STANDARD, user.country=KR, sun.boot.library.path=C:\Program Files\Java\jdk-17\bin, sun.java.command=C:\Users\user\AppData\Local\Temp\surefire3574145104864786364\surefirebooter4688120530506741131.jar C:\Users\user\AppData\Local\Temp\surefire3574145104864786364 2021-11-11T01-10-31_964-jvmRun1 surefire7877122943111437957tmp surefire_017987909571421511609tmp, javax.persistence.nonJtaDataSource=HikariDataSource (HikariPool-1), hibernate.transaction.jta.platform=org.hibernate.engine.transaction.jta.platform.internal.NoJtaPlatform@efe49ab, javax.persistence.sharedCache.mode=UNSPECIFIED, jdk.debug=release, surefire.test.class.path=C:\Users\user\Desktop\SPRING_BOOT_SAMPLE\target\test-classes;C:\Users\user\Desktop\SPRING_BOOT_SAMPLE\target\classes;C:\Users\user\.m2\repository\org\springframework\boot\spring-boot-starter\2.5.6\spring-boot-starter-2.5.6.jar;C:\Users\user\.m2\repository\org\springframework\boot\spring-boot\2.5.6\spring-boot-2.5.6.jar;C:\Users\user\.m2\repository\org\springframework\spring-context\5.3.12\spring-context-5.3.12.jar;C:\Users\user\.m2\repository\org\springframework\boot\spring-boot-autoconfigure\2.5.6\spring-boot-autoconfigure-2.5.6.jar;C:\Users\user\.m2\repository\org\springframework\boot\spring-boot-starter-logging\2.5.6\spring-boot-starter-logging-2.5.6.jar;C:\Users\user\.m2\repository\ch\qos\logback\logback-classic\1.2.6\logback-classic-1.2.6.jar;C:\Users\user\.m2\repository\ch\qos\logback\logback-core\1.2.6\logback-core-1.2.6.jar;C:\Users\user\.m2\repository\org\apache\logging\log4j\log4j-to-slf4j\2.14.1\log4j-to-slf4j-2.14.1.jar;C:\Users\user\.m2\repository\org\apache\logging\log4j\log4j-api\2.14.1\log4j-api-2.14.1.jar;C:\Users\user\.m2\repository\org\slf4j\jul-to-slf4j\1.7.32\jul-to-slf4j-1.7.32.jar;C:\Users\user\.m2\repository\jakarta\annotation\jakarta.annotation-api\1.3.5\jakarta.annotation-api-1.3.5.jar;C:\Users\user\.m2\repository\org\springframework\spring-core\5.3.12\spring-core-5.3.12.jar;C:\Users\user\.m2\repository\org\springframework\spring-jcl\5.3.12\spring-jcl-5.3.12.jar;C:\Users\user\.m2\repository\org\yaml\snakeyaml\1.28\snakeyaml-1.28.jar;C:\Users\user\.m2\repository\org\springframework\boot\spring-boot-starter-validation\2.5.6\spring-boot-starter-validation-2.5.6.jar;C:\Users\user\.m2\repository\org\apache\tomcat\embed\tomcat-embed-el\9.0.54\tomcat-embed-el-9.0.54.jar;C:\Users\user\.m2\repository\org\hibernate\validator\hibernate-validator\6.2.0.Final\hibernate-validator-6.2.0.Final.jar;C:\Users\user\.m2\repository\jakarta\validation\jakarta.validation-api\2.0.2\jakarta.validation-api-2.0.2.jar;C:\Users\user\.m2\repository\org\jboss\logging\jboss-logging\3.4.2.Final\jboss-logging-3.4.2.Final.jar;C:\Users\user\.m2\repository\com\fasterxml\classmate\1.5.1\classmate-1.5.1.jar;C:\Users\user\.m2\repository\org\springframework\boot\spring-boot-starter-web\2.5.6\spring-boot-starter-web-2.5.6.jar;C:\Users\user\.m2\repository\org\springframework\boot\spring-boot-starter-json\2.5.6\spring-boot-starter-json-2.5.6.jar;C:\Users\user\.m2\repository\com\fasterxml\jackson\core\jackson-databind\2.12.5\jackson-databind-2.12.5.jar;C:\Users\user\.m2\repository\com\fasterxml\jackson\core\jackson-annotations\2.12.5\jackson-annotations-2.12.5.jar;C:\Users\user\.m2\repository\com\fasterxml\jackson\core\jackson-core\2.12.5\jackson-core-2.12.5.jar;C:\Users\user\.m2\repository\com\fasterxml\jackson\datatype\jackson-datatype-jdk8\2.12.5\jackson-datatype-jdk8-2.12.5.jar;C:\Users\user\.m2\repository\com\fasterxml\jackson\datatype\jackson-datatype-jsr310\2.12.5\jackson-datatype-jsr310-2.12.5.jar;C:\Users\user\.m2\repository\com\fasterxml\jackson\module\jackson-module-parameter-names\2.12.5\jackson-module-parameter-names-2.12.5.jar;C:\Users\user\.m2\repository\org\springframework\boot\spring-boot-starter-tomcat\2.5.6\spring-boot-starter-tomcat-2.5.6.jar;C:\Users\user\.m2\repository\org\apache\tomcat\embed\tomcat-embed-core\9.0.54\tomcat-embed-core-9.0.54.jar;C:\Users\user\.m2\repository\org\apache\tomcat\embed\tomcat-embed-websocket\9.0.54\tomcat-embed-websocket-9.0.54.jar;C:\Users\user\.m2\repository\org\springframework\spring-web\5.3.12\spring-web-5.3.12.jar;C:\Users\user\.m2\repository\org\springframework\spring-beans\5.3.12\spring-beans-5.3.12.jar;C:\Users\user\.m2\repository\org\springframework\spring-webmvc\5.3.12\spring-webmvc-5.3.12.jar;C:\Users\user\.m2\repository\org\springframework\spring-aop\5.3.12\spring-aop-5.3.12.jar;C:\Users\user\.m2\repository\org\springframework\spring-expression\5.3.12\spring-expression-5.3.12.jar;C:\Users\user\.m2\repository\org\springframework\boot\spring-boot-starter-test\2.5.6\spring-boot-starter-test-2.5.6.jar;C:\Users\user\.m2\repository\org\springframework\boot\spring-boot-test\2.5.6\spring-boot-test-2.5.6.jar;C:\Users\user\.m2\repository\org\springframework\boot\spring-boot-test-autoconfigure\2.5.6\spring-boot-test-autoconfigure-2.5.6.jar;C:\Users\user\.m2\repository\com\jayway\jsonpath\json-path\2.5.0\json-path-2.5.0.jar;C:\Users\user\.m2\repository\net\minidev\json-smart\2.4.7\json-smart-2.4.7.jar;C:\Users\user\.m2\repository\net\minidev\accessors-smart\2.4.7\accessors-smart-2.4.7.jar;C:\Users\user\.m2\repository\org\ow2\asm\asm\9.1\asm-9.1.jar;C:\Users\user\.m2\repository\org\slf4j\slf4j-api\1.7.32\slf4j-api-1.7.32.jar;C:\Users\user\.m2\repository\jakarta\xml\bind\jakarta.xml.bind-api\2.3.3\jakarta.xml.bind-api-2.3.3.jar;C:\Users\user\.m2\repository\jakarta\activation\jakarta.activation-api\1.2.2\jakarta.activation-api-1.2.2.jar;C:\Users\user\.m2\repository\org\assertj\assertj-core\3.19.0\assertj-core-3.19.0.jar;C:\Users\user\.m2\repository\org\hamcrest\hamcrest\2.2\hamcrest-2.2.jar;C:\Users\user\.m2\repository\org\j
[...]
	at org.springframework.boot.SpringApplication.refreshContext(SpringApplication.java:434)
	at org.springframework.boot.SpringApplication.run(SpringApplication.java:338)
	at org.springframework.boot.test.context.SpringBootContextLoader.loadContext(SpringBootContextLoader.java:123)
	at org.springframework.test.context.cache.DefaultCacheAwareContextLoaderDelegate.loadContextInternal(DefaultCacheAwareContextLoaderDelegate.java:99)
	at org.springframework.test.context.cache.DefaultCacheAwareContextLoaderDelegate.loadContext(DefaultCacheAwareContextLoaderDelegate.java:124)
	at org.springframework.test.context.support.DefaultTestContext.getApplicationContext(DefaultTestContext.java:124)
	at org.springframework.test.context.web.ServletTestExecutionListener.setUpRequestContextIfNecessary(ServletTestExecutionListener.java:190)
	at org.springframework.test.context.web.ServletTestExecutionListener.prepareTestInstance(ServletTestExecutionListener.java:132)
	at org.springframework.test.context.TestContextManager.prepareTestInstance(TestContextManager.java:248)
	at org.springframework.test.context.junit.jupiter.SpringExtension.postProcessTestInstance(SpringExtension.java:138)
	at org.junit.jupiter.engine.descriptor.ClassBasedTestDescriptor.lambda$invokeTestInstancePostProcessors$6(ClassBasedTestDescriptor.java:350)
	at org.junit.jupiter.engine.descriptor.ClassBasedTestDescriptor.executeAndMaskThrowable(ClassBasedTestDescriptor.java:355)
	at org.junit.jupiter.engine.descriptor.ClassBasedTestDescriptor.lambda$invokeTestInstancePostProcessors$7(ClassBasedTestDescriptor.java:350)
	at java.base/java.util.stream.ReferencePipeline$3$1.accept(ReferencePipeline.java:197)
	at java.base/java.util.stream.ReferencePipeline$2$1.accept(ReferencePipeline.java:179)
	at java.base/java.util.ArrayList$ArrayListSpliterator.forEachRemaining(ArrayList.java:1625)
	at java.base/java.util.stream.AbstractPipeline.copyInto(AbstractPipeline.java:509)
	at java.base/java.util.stream.AbstractPipeline.wrapAndCopyInto(AbstractPipeline.java:499)
	at java.base/java.util.stream.StreamSpliterators$WrappingSpliterator.forEachRemaining(StreamSpliterators.java:310)
	at java.base/java.util.stream.Streams$ConcatSpliterator.forEachRemaining(Streams.java:735)
	at java.base/java.util.stream.Streams$ConcatSpliterator.forEachRemaining(Streams.java:734)
	at java.base/java.util.stream.ReferencePipeline$Head.forEach(ReferencePipeline.java:762)
	at org.junit.jupiter.engine.descriptor.ClassBasedTestDescriptor.invokeTestInstancePostProcessors(ClassBasedTestDescriptor.java:349)
	at org.junit.jupiter.engine.descriptor.ClassBasedTestDescriptor.lambda$instantiateAndPostProcessTestInstance$4(ClassBasedTestDescriptor.java:270)
	at org.junit.platform.engine.support.hierarchical.ThrowableCollector.execute(ThrowableCollector.java:73)
	at org.junit.jupiter.engine.descriptor.ClassBasedTestDescriptor.instantiateAndPostProcessTestInstance(ClassBasedTestDescriptor.java:269)
	at org.junit.jupiter.engine.descriptor.ClassBasedTestDescriptor.lambda$testInstancesProvider$2(ClassBasedTestDescriptor.java:259)
	at java.base/java.util.Optional.orElseGet(Optional.java:364)
	at org.junit.jupiter.engine.descriptor.ClassBasedTestDescriptor.lambda$testInstancesProvider$3(ClassBasedTestDescriptor.java:258)
	at org.junit.jupiter.engine.execution.TestInstancesProvider.getTestInstances(TestInstancesProvider.java:31)
	at org.junit.jupiter.engine.descriptor.TestMethodTestDescriptor.lambda$prepare$0(TestMethodTestDescriptor.java:101)
	at org.junit.platform.engine.support.hierarchical.ThrowableCollector.execute(ThrowableCollector.java:73)
	at org.junit.jupiter.engine.descriptor.TestMethodTestDescriptor.prepare(TestMethodTestDescriptor.java:100)
	at org.junit.jupiter.engine.descriptor.TestMethodTestDescriptor.prepare(TestMethodTestDescriptor.java:65)
	at org.junit.platform.engine.support.hierarchical.NodeTestTask.lambda$prepare$1(NodeTestTask.java:111)
	at org.junit.platform.engine.support.hierarchical.ThrowableCollector.execute(ThrowableCollector.java:73)
	at org.junit.platform.engine.support.hierarchical.NodeTestTask.prepare(NodeTestTask.java:111)
	at org.junit.platform.engine.support.hierarchical.NodeTestTask.execute(NodeTestTask.java:79)
	at java.base/java.util.ArrayList.forEach(ArrayList.java:1511)
	at org.junit.platform.engine.support.hierarchical.SameThreadHierarchicalTestExecutorService.invokeAll(SameThreadHierarchicalTestExecutorService.java:38)
	at org.junit.platform.engine.support.hierarchical.NodeTestTask.lambda$executeRecursively$5(NodeTestTask.java:143)
	at org.junit.platform.engine.support.hierarchical.ThrowableCollector.execute(ThrowableCollector.java:73)
	at org.junit.platform.engine.support.hierarchical.NodeTestTask.lambda$executeRecursively$7(NodeTestTask.java:129)
	at org.junit.platform.engine.support.hierarchical.Node.around(Node.java:137)
	at org.junit.platform.engine.support.hierarchical.NodeTestTask.lambda$executeRecursively$8(NodeTestTask.java:127)
	at org.junit.platform.engine.support.hierarchical.ThrowableCollector.execute(ThrowableCollector.java:73)
	at org.junit.platform.engine.support.hierarchical.NodeTestTask.executeRecursively(NodeTestTask.java:126)
	at org.junit.platform.engine.support.hierarchical.NodeTestTask.execute(NodeTestTask.java:84)
	at java.base/java.util.ArrayList.forEach(ArrayList.java:1511)
	at org.junit.platform.engine.support.hierarchical.SameThreadHierarchicalTestExecutorService.invokeAll(SameThreadHierarchicalTestExecutorService.java:38)
	at org.junit.platform.engine.support.hierarchical.NodeTestTask.lambda$executeRecursively$5(NodeTestTask.java:143)
	at org.junit.platform.engine.support.hierarchical.ThrowableCollector.execute(ThrowableCollector.java:73)
	at org.junit.platform.engine.support.hierarchical.NodeTestTask.lambda$executeRecursively$7(NodeTestTask.java:129)
	at org.junit.platform.engine.support.hierarchical.Node.around(Node.java:137)
	at org.junit.platform.engine.support.hierarchical.NodeTestTask.lambda$executeRecursively$8(NodeTestTask.java:127)
	at org.junit.platform.engine.support.hierarchical.ThrowableCollector.execute(ThrowableCollector.java:73)
	at org.junit.platform.engine.support.hierarchical.NodeTestTask.executeRecursively(NodeTestTask.java:126)
	at org.junit.platform.engine.support.hierarchical.NodeTestTask.execute(NodeTestTask.java:84)
	at org.junit.platform.engine.support.hierarchical.SameThreadHierarchicalTestExecutorService.submit(SameThreadHierarchicalTestExecutorService.java:32)
	at org.junit.platform.engine.support.hierarchical.HierarchicalTestExecutor.execute(HierarchicalTestExecutor.java:57)
	at org.junit.platform.engine.support.hierarchical.HierarchicalTestEngine.execute(HierarchicalTestEngine.java:51)
	at org.junit.platform.launcher.core.DefaultLauncher.execute(DefaultLauncher.java:220)
	at org.junit.platform.launcher.core.DefaultLauncher.lambda$execute$6(DefaultLauncher.java:188)
	at org.junit.platform.launcher.core.DefaultLauncher.withInterceptedStreams(DefaultLauncher.java:202)
	at org.junit.platform.launcher.core.DefaultLauncher.execute(DefaultLauncher.java:181)
	at org.junit.platform.launcher.core.DefaultLauncher.execute(DefaultLauncher.java:128)
	at org.apache.maven.surefire.junitplatform.JUnitPlatformProvider.invokeAllTests(JUnitPlatformProvider.java:150)
	at org.apache.maven.surefire.junitplatform.JUnitPlatformProvider.invoke(JUnitPlatformProvider.java:124)
	at org.apache.maven.surefire.booter.ForkedBooter.invokeProviderInSameClassLoader(ForkedBooter.java:384)
	at org.apache.maven.surefire.booter.ForkedBooter.runSuitesInProcess(ForkedBooter.java:345)
	at org.apache.maven.surefire.booter.ForkedBooter.execute(ForkedBooter.java:126)
	at org.apache.maven.surefire.booter.ForkedBooter.main(ForkedBooter.java:418)
[ERROR] 21-11-11 01:10:36 [main] [LoggingFailureAnalysisReporter:40] - 

***************************
APPLICATION FAILED TO START
***************************

Description:

Field keywordService in com.example.test.controller.TestController required a bean of type 'com.example.test.service.KeywordService' that could not be found.

The injection point has the following annotations:
	- @org.springframework.beans.factory.annotation.Autowired(required=true)


Action:

Consider defining a bean of type 'com.example.test.service.KeywordService' in your configuration.

[ERROR] 21-11-11 01:10:36 [main] [TestContextManager:252] - Caught exception while allowing TestExecutionListener [org.springframework.test.context.web.ServletTestExecutionListener@15713d56] to prepare test instance [com.example.test.TestApplicationTests@69d902f9]
java.lang.IllegalStateException: Failed to load ApplicationContext
	at org.springframework.test.context.cache.DefaultCacheAwareContextLoaderDelegate.loadContext(DefaultCacheAwareContextLoaderDelegate.java:132)
	at org.springframework.test.context.support.DefaultTestContext.getApplicationContext(DefaultTestContext.java:124)
	at org.springframework.test.context.web.ServletTestExecutionListener.setUpRequestContextIfNecessary(ServletTestExecutionListener.java:190)
	at org.springframework.test.context.web.ServletTestExecutionListener.prepareTestInstance(ServletTestExecutionListener.java:132)
	at org.springframework.test.context.TestContextManager.prepareTestInstance(TestContextManager.java:248)
	at org.springframework.test.context.junit.jupiter.SpringExtension.postProcessTestInstance(SpringExtension.java:138)
	at org.junit.jupiter.engine.descriptor.ClassBasedTestDescriptor.lambda$invokeTestInstancePostProcessors$6(ClassBasedTestDescriptor.java:350)
	at org.junit.jupiter.engine.descriptor.ClassBasedTestDescriptor.executeAndMaskThrowable(ClassBasedTestDescriptor.java:355)
	at org.junit.jupiter.engine.descriptor.ClassBasedTestDescriptor.lambda$invokeTestInstancePostProcessors$7(ClassBasedTestDescriptor.java:350)
	at java.base/java.util.stream.ReferencePipeline$3$1.accept(ReferencePipeline.java:197)
	at java.base/java.util.stream.ReferencePipeline$2$1.accept(ReferencePipeline.java:179)
	at java.base/java.util.ArrayList$ArrayListSpliterator.forEachRemaining(ArrayList.java:1625)
	at java.base/java.util.stream.AbstractPipeline.copyInto(AbstractPipeline.java:509)
	at java.base/java.util.stream.AbstractPipeline.wrapAndCopyInto(AbstractPipeline.java:499)
	at java.base/java.util.stream.StreamSpliterators$WrappingSpliterator.forEachRemaining(StreamSpliterators.java:310)
	at java.base/java.util.stream.Streams$ConcatSpliterator.forEachRemaining(Streams.java:735)
	at java.base/java.util.stream.Streams$ConcatSpliterator.forEachRemaining(Streams.java:734)
	at java.base/java.util.stream.ReferencePipeline$Head.forEach(ReferencePipeline.java:762)
	at org.junit.jupiter.engine.descriptor.ClassBasedTestDescriptor.invokeTestInstancePostProcessors(ClassBasedTestDescriptor.java:349)
	at org.junit.jupiter.engine.descriptor.ClassBasedTestDescriptor.lambda$instantiateAndPostProcessTestInstance$4(ClassBasedTestDescriptor.java:270)
	at org.junit.platform.engine.support.hierarchical.ThrowableCollector.execute(ThrowableCollector.java:73)
	at org.junit.jupiter.engine.descriptor.ClassBasedTestDescriptor.instantiateAndPostProcessTestInstance(ClassBasedTestDescriptor.java:269)
	at org.junit.jupiter.engine.descriptor.ClassBasedTestDescriptor.lambda$testInstancesProvider$2(ClassBasedTestDescriptor.java:259)
	at java.base/java.util.Optional.orElseGet(Optional.java:364)
	at org.junit.jupiter.engine.descriptor.ClassBasedTestDescriptor.lambda$testInstancesProvider$3(ClassBasedTestDescriptor.java:258)
	at org.junit.jupiter.engine.execution.TestInstancesProvider.getTestInstances(TestInstancesProvider.java:31)
	at org.junit.jupiter.engine.descriptor.TestMethodTestDescriptor.lambda$prepare$0(TestMethodTestDescriptor.java:101)
	at org.junit.platform.engine.support.hierarchical.ThrowableCollector.execute(ThrowableCollector.java:73)
	at org.junit.jupiter.engine.descriptor.TestMethodTestDescriptor.prepare(TestMethodTestDescriptor.java:100)
	at org.junit.jupiter.engine.descriptor.TestMethodTestDescriptor.prepare(TestMethodTestDescriptor.java:65)
	at org.junit.platform.engine.support.hierarchical.NodeTestTask.lambda$prepare$1(NodeTestTask.java:111)
	at org.junit.platform.engine.support.hierarchical.ThrowableCollector.execute(ThrowableCollector.java:73)
	at org.junit.platform.engine.support.hierarchical.NodeTestTask.prepare(NodeTestTask.java:111)
	at org.junit.platform.engine.support.hierarchical.NodeTestTask.execute(NodeTestTask.java:79)
	at java.base/java.util.ArrayList.forEach(ArrayList.java:1511)
	at org.junit.platform.engine.support.hierarchical.SameThreadHierarchicalTestExecutorService.invokeAll(SameThreadHierarchicalTestExecutorService.java:38)
	at org.junit.platform.engine.support.hierarchical.NodeTestTask.lambda$executeRecursively$5(NodeTestTask.java:143)
	at org.junit.platform.engine.support.hierarchical.ThrowableCollector.execute(ThrowableCollector.java:73)
	at org.junit.platform.engine.support.hierarchical.NodeTestTask.lambda$executeRecursively$7(NodeTestTask.java:129)
	at org.junit.platform.engine.support.hierarchical.Node.around(Node.java:137)
	at org.junit.platform.engine.support.hierarchical.NodeTestTask.lambda$executeRecursively$8(NodeTestTask.java:127)
	at org.junit.platform.engine.support.hierarchical.ThrowableCollector.execute(ThrowableCollector.java:73)
	at org.junit.platform.engine.support.hierarchical.NodeTestTask.executeRecursively(NodeTestTask.java:126)
	at org.junit.platform.engine.support.hierarchical.NodeTestTask.execute(NodeTestTask.java:84)
	at java.base/java.util.ArrayList.forEach(ArrayList.java:1511)
	at org.junit.platform.engine.support.hierarchical.SameThreadHierarchicalTestExecutorService.invokeAll(SameThreadHierarchicalTestExecutorService.java:38)
	at org.junit.platform.engine.support.hierarchical.NodeTestTask.lambda$executeRecursively$5(NodeTestTask.java:143)
	at org.junit.platform.engine.support.hierarchical.ThrowableCollector.execute(ThrowableCollector.java:73)
	at org.junit.platform.engine.support.hierarchical.NodeTestTask.lambda$executeRecursively$7(NodeTestTask.java:129)
	at org.junit.platform.engine.support.hierarchical.Node.around(Node.java:137)
	at org.junit.platform.engine.support.hierarchical.NodeTestTask.lambda$executeRecursively$8(NodeTestTask.java:127)
	at org.junit.platform.engine.support.hierarchical.ThrowableCollector.execute(ThrowableCollector.java:73)
	at org.junit.platform.engine.support.hierarchical.NodeTestTask.executeRecursively(NodeTestTask.java:126)
	at org.junit.platform.engine.support.hierarchical.NodeTestTask.execute(NodeTestTask.java:84)
	at org.junit.platform.engine.support.hierarchical.SameThreadHierarchicalTestExecutorService.submit(SameThreadHierarchicalTestExecutorService.java:32)
	at org.junit.platform.engine.support.hierarchical.HierarchicalTestExecutor.execute(HierarchicalTestExecutor.java:57)
	at org.junit.platform.engine.support.hierarchical.HierarchicalTestEngine.execute(HierarchicalTestEngine.java:51)
	at org.junit.platform.launcher.core.DefaultLauncher.execute(DefaultLauncher.java:220)
	at org.junit.platform.launcher.core.DefaultLauncher.lambda$execute$6(DefaultLauncher.java:188)
	at org.junit.platform.launcher.core.DefaultLauncher.withInterceptedStreams(DefaultLauncher.java:202)
	at org.junit.platform.launcher.core.DefaultLauncher.execute(DefaultLauncher.java:181)
	at org.junit.platform.launcher.core.DefaultLauncher.execute(DefaultLauncher.java:128)
	at org.apache.maven.surefire.junitplatform.JUnitPlatformProvider.invokeAllTests(JUnitPlatformProvider.java:150)
	at org.apache.maven.surefire.junitplatform.JUnitPlatformProvider.invoke(JUnitPlatformProvider.java:124)
	at org.apache.maven.surefire.booter.ForkedBooter.invokeProviderInSameClassLoader(ForkedBooter.java:384)
	at org.apache.maven.surefire.booter.ForkedBooter.runSuitesInProcess(ForkedBooter.java:345)
	at org.apache.maven.surefire.booter.ForkedBooter.execute(ForkedBooter.java:126)
	at org.apache.maven.surefire.booter.ForkedBooter.main(ForkedBooter.java:418)
Caused by: org.springframework.beans.factory.UnsatisfiedDependencyException: Error creating bean with name 'testController': Unsatisfied dependency expressed through field 'keywordService'; nested exception is org.springframework.beans.factory.NoSuchBeanDefinitionException: No qualifying bean of type 'com.example.test.service.KeywordService' available: expected at least 1 bean which qualifies as autowire candidate. Dependency annotations: {@org.springframework.beans.factory.annotation.Autowired(required=true)}
	at org.springframework.beans.factory.annotation.AutowiredAnnotationBeanPostProcessor$AutowiredFieldElement.resolveFieldValue(AutowiredAnnotationBeanPostProcessor.java:659)
	at org.springframework.beans.factory.annotation.AutowiredAnnotationBeanPostProcessor$AutowiredFieldElement.inject(AutowiredAnnotationBeanPostProcessor.java:639)
	at org.springframework.beans.factory.annotation.InjectionMetadata.inject(InjectionMetadata.java:119)
	at org.springframework.beans.factory.annotation.AutowiredAnnotationBeanPostProcessor.postProcessProperties(AutowiredAnnotationBeanPostProcessor.java:399)
	at org.springframework.beans.factory.support.AbstractAutowireCapableBeanFactory.populateBean(AbstractAutowireCapableBeanFactory.java:1431)
	at org.springframework.beans.factory.support.AbstractAutowireCapableBeanFactory.doCreateBean(AbstractAutowireCapableBeanFactory.java:619)
	at org.springframework.beans.factory.support.AbstractAutowireCapableBeanFactory.createBean(AbstractAutowireCapableBeanFactory.java:542)
	at org.springframework.beans.factory.support.AbstractBeanFactory.lambda$doGetBean$0(AbstractBeanFactory.java:335)
	at org.springframework.beans.factory.support.DefaultSingletonBeanRegistry.getSingleton(DefaultSingletonBeanRegistry.java:234)
	at org.springframework.beans.factory.support.AbstractBeanFactory.doGetBean(AbstractBeanFactory.java:333)
	at org.springframework.beans.factory.support.AbstractBeanFactory.getBean(AbstractBeanFactory.java:208)
	at org.springframework.beans.factory.support.DefaultListableBeanFactory.preInstantiateSingletons(DefaultListableBeanFactory.java:944)
	at org.springframework.context.support.AbstractApplicationContext.finishBeanFactoryInitialization(AbstractApplicationContext.java:918)
	at org.springframework.context.support.AbstractApplicationContext.refresh(AbstractApplicationContext.java:583)
	at org.springframework.boot.SpringApplication.refresh(SpringApplication.java:754)
	at org.springframework.boot.SpringApplication.refreshContext(SpringApplication.java:434)
	at org.springframework.boot.SpringApplication.run(SpringApplication.java:338)
	at org.springframework.boot.test.context.SpringBootContextLoader.loadContext(SpringBootContextLoader.java:123)
	at org.springframework.test.context.cache.DefaultCacheAwareContextLoaderDelegate.loadContextInternal(DefaultCacheAwareContextLoaderDelegate.java:99)
	at org.springframework.test.context.cache.DefaultCacheAwareContextLoaderDelegate.loadContext(DefaultCacheAwareContextLoaderDelegate.java:124)
	... 67 common frames omitted
Caused by: org.springframework.beans.factory.NoSuchBeanDefinitionException: No qualifying bean of type 'com.example.test.service.KeywordService' available: expected at least 1 bean which qualifies as autowire candidate. Dependency annotations: {@org.springframework.beans.factory.annotation.Autowired(required=true)}
	at org.springframework.beans.factory.support.DefaultListableBeanFactory.raiseNoMatchingBeanFound(DefaultListableBeanFactory.java:1790)
	at org.springframework.beans.factory.support.DefaultListableBeanFactory.doResolveDependency(DefaultListableBeanFactory.java:1346)
	at org.springframework.beans.factory.support.DefaultListableBeanFactory.resolveDependency(DefaultListableBeanFactory.java:1300)
	at org.springframework.beans.factory.annotation.AutowiredAnnotationBeanPostProcessor$AutowiredFieldElement.resolveFieldValue(AutowiredAnnotationBeanPostProcessor.java:656)
	... 86 common frames omitted
]]></system-out>
  </testcase>
</testsuite>